{"numTotalTestSuites":48,"numPassedTestSuites":10,"numFailedTestSuites":38,"numPendingTestSuites":0,"numTotalTests":28,"numPassedTests":9,"numFailedTests":19,"numPendingTests":0,"numTodoTests":0,"snapshot":{"added":0,"failure":false,"filesAdded":0,"filesRemoved":0,"filesRemovedList":[],"filesUnmatched":0,"filesUpdated":0,"matched":0,"total":0,"unchecked":0,"uncheckedKeysByFile":[],"unmatched":0,"updated":0,"didUpdate":false},"startTime":1779787190797,"success":false,"testResults":[{"assertionResults":[{"ancestorTitles":["record page"],"fullName":"record page renders a complete record detail page after jumping from scene1","status":"failed","title":"renders a complete record detail page after jumping from scene1","duration":50.94920000000002,"failureMessages":["TestingLibraryElementError: Found multiple elements with the role \"button\" and name \"显示分析提示\"\n\nHere are the matching elements:\n\nIgnored nodes: comments, script, style\n\u001b[36m<button\u001b[39m\n  \u001b[33maria-label\u001b[39m=\u001b[32m\"显示分析提示\"\u001b[39m\n  \u001b[33mtype\u001b[39m=\u001b[32m\"button\"\u001b[39m\n\u001b[36m>\u001b[39m\n  \u001b[0m显示分析提示\u001b[0m\n\u001b[36m</button>\u001b[39m\n\nIgnored nodes: comments, script, style\n\u001b[36m<button\u001b[39m\n  \u001b[33maria-label\u001b[39m=\u001b[32m\"显示分析提示\"\u001b[39m\n  \u001b[33mtype\u001b[39m=\u001b[32m\"button\"\u001b[39m\n\u001b[36m>\u001b[39m\n  \u001b[0m显示分析提示\u001b[0m\n\u001b[36m</button>\u001b[39m\n\nIgnored nodes: comments, script, style\n\u001b[36m<button\u001b[39m\n  \u001b[33maria-label\u001b[39m=\u001b[32m\"显示分析提示\"\u001b[39m\n  \u001b[33mtype\u001b[39m=\u001b[32m\"button\"\u001b[39m\n\u001b[36m>\u001b[39m\n  \u001b[0m显示分析提示\u001b[0m\n\u001b[36m</button>\u001b[39m\n\nIgnored nodes: comments, script, style\n\u001b[36m<button\u001b[39m\n  \u001b[33maria-label\u001b[39m=\u001b[32m\"显示分析提示\"\u001b[39m\n  \u001b[33mtype\u001b[39m=\u001b[32m\"button\"\u001b[39m\n\u001b[36m>\u001b[39m\n  \u001b[0m显示分析提示\u001b[0m\n\u001b[36m</button>\u001b[39m\n\n(If this is intentional, then use the `*AllBy*` variant of the query (like `queryAllByText`, `getAllByText`, or `findAllByText`)).\n\nIgnored nodes: comments, script, style\n\u001b[36m<body>\u001b[39m\n  \u001b[36m<div>\u001b[39m\n    \u001b[36m<div\u001b[39m\n      \u001b[33mclass\u001b[39m=\u001b[32m\"app-root\"\u001b[39m\n    \u001b[36m>\u001b[39m\n      \u001b[36m<div\u001b[39m\n        \u001b[33mclass\u001b[39m=\u001b[32m\"phone-shell\"\u001b[39m\n        \u001b[33mdata-testid\u001b[39m=\u001b[32m\"phone-shell\"\u001b[39m\n      \u001b[36m>\u001b[39m\n        \u001b[36m<div\u001b[39m\n          \u001b[33mclass\u001b[39m=\u001b[32m\"scene1-calendar-page\"\u001b[39m\n          \u001b[33mdata-testid\u001b[39m=\u001b[32m\"scene-route-shell\"\u001b[39m\n        \u001b[36m>\u001b[39m\n          \u001b[36m<div\u001b[39m\n            \u001b[33mclass\u001b[39m=\u001b[32m\"statusbar\"\u001b[39m\n          \u001b[36m>\u001b[39m\n            \u001b[36m<span>\u001b[39m\n              \u001b[0m9:41\u001b[0m\n            \u001b[36m</span>\u001b[39m\n            \u001b[36m<div\u001b[39m\n              \u001b[33mclass\u001b[39m=\u001b[32m\"sb-r\"\u001b[39m\n            \u001b[36m>\u001b[39m\n              \u001b[36m<span\u001b[39m\n                \u001b[33mclass\u001b[39m=\u001b[32m\"sb-bars\"\u001b[39m\n              \u001b[36m>\u001b[39m\n                \u001b[36m<i />\u001b[39m\n                \u001b[36m<i />\u001b[39m\n                \u001b[36m<i />\u001b[39m\n                \u001b[36m<i />\u001b[39m\n              \u001b[36m</span>\u001b[39m\n              \u001b[36m<div\u001b[39m\n                \u001b[33mclass\u001b[39m=\u001b[32m\"sb-batt\"\u001b[39m\n              \u001b[36m>\u001b[39m\n                \u001b[36m<i />\u001b[39m\n              \u001b[36m</div>\u001b[39m\n            \u001b[36m</div>\u001b[39m\n          \u001b[36m</div>\u001b[39m\n          \u001b[36m<div\u001b[39m\n            \u001b[33mclass\u001b[39m=\u001b[32m\"calendar-shell\"\u001b[39m\n          \u001b[36m>\u001b[39m\n            \u001b[36m<div\u001b[39m\n              \u001b[33mclass\u001b[39m=\u001b[32m\"calendar-topbar prototype-topbar\"\u001b[39m\n            \u001b[36m>\u001b[39m\n              \u001b[36m<div\u001b[39m\n                \u001b[33mclass\u001b[39m=\u001b[32m\"calendar-month prototype-month\"\u001b[39m\n              \u001b[36m>\u001b[39m\n                \u001b[0m4月\u001b[0m\n              \u001b[36m</div>\u001b[39m\n              \u001b[36m<div\u001b[39m\n                \u001b[33maria-label\u001b[39m=\u001b[32m\"模式切换\"\u001b[39m\n                \u001b[33mclass\u001b[39m=\u001b[32m\"mode-tabs prototype-mode-tabs\"\u001b[39m\n                \u001b[33mrole\u001b[39m=\u001b[32m\"tablist\"\u001b[39m\n              \u001b[36m>\u001b[39m\n                \u001b[36m<button\u001b[39m\n                  \u001b[33mclass\u001b[39m=\u001b[32m\"mode-tab prototype-mode-tab active\"\u001b[39m\n                  \u001b[33mtype\u001b[39m=\u001b[32m\"button\"\u001b[39m\n                \u001b[36m>\u001b[39m\n                  \u001b[0m经期\u001b[0m\n                \u001b[36m</button>\u001b[39m\n                \u001b[36m<button\u001b[39m\n                  \u001b[33mclass\u001b[39m=\u001b[32m\"mode-tab prototype-mode-tab\"\u001b[39m\n                  \u001b[33mtype\u001b[39m=\u001b[32m\"button\"\u001b[39m\n                \u001b[36m>\u001b[39m\n                  \u001b[0m备孕\u001b[0m\n                \u001b[36m</button>\u001b[39m\n                \u001b[36m<button\u001b[39m\n                  \u001b[33mclass\u001b[39m=\u001b[32m\"mode-tab prototype-mode-tab\"\u001b[39m\n                  \u001b[33mtype\u001b[39m=\u001b[32m\"button\"\u001b[39m\n                \u001b[36m>\u001b[39m\n                  \u001b[0m怀孕\u001b[0m\n                \u001b[36m</button>\u001b[39m\n                \u001b[36m<button\u001b[39m\n                  \u001b[33mclass\u001b[39m=\u001b[32m\"mode-tab prototype-mode-tab\"\u001b[39m\n                  \u001b[33mtype\u001b[39m=\u001b[32m\"button\"\u001b[39m\n                \u001b[36m>\u001b[39m\n                  \u001b[0m育儿\u001b[0m\n                \u001b[36m</button>\u001b[39m\n              \u001b[36m</div>\u001b[39m\n              \u001b[36m<button\u001b[39m\n                \u001b[33maria-label\u001b[39m=\u001b[32m\"分析\"\u001b[39m\n                \u001b[33mclass\u001b[39m=\u001b[32m\"prototype-analysis-entry\"\u001b[39m\n                \u001b[33mtype\u001b[39m=\u001b[32m\"button\"\u001b[39m\n              \u001b[36m>\u001b[39m\n                \u001b[36m<span\u001b[39m\n                  \u001b[33mclass\u001b[39m=\u001b[32m\"analysis-entry-icon\"\u001b[39m\n                \u001b[36m>\u001b[39m\n                  \u001b[0m⌁\u001b[0m\n                \u001b[36m</span>\u001b[39m\n                \u001b[36m<span>\u001b[39m\n                  \u001b[0m分析\u001b[0m\n                \u001b[36m</span>\u001b[39m\n              \u001b[36m</button>\u001b[39m\n            \u001b[36m</div>\u001b[39m\n            \u001b[36m<div\u001b[39m\n              \u001b[33mclass\u001b[39m=\u001b[32m\"prototype-calendar-card\"\u001b[39m\n            \u001b[36m>\u001b[39m\n              \u001b[36m<div\u001b[39m\n                \u001b[33mclass\u001b[39m=\u001b[32m\"prototype-weekdays\"\u001b[39m\n              \u001b[36m>\u001b[39m\n                \u001b[36m<span>\u001b[39m\n                  \u001b[0m日\u001b[0m\n                \u001b[36m</span>\u001b[39m\n                \u001b[36m<span>\u001b[39m\n                  \u001b[0m一\u001b[0m\n                \u001b[36m</span>\u001b[39m\n                \u001b[36m<span>\u001b[39m\n                  \u001b[0m二\u001b[0m\n                \u001b[36m</span>\u001b[39m\n                \u001b[36m<span>\u001b[39m\n                  \u001b[0m三\u001b[0m\n                \u001b[36m</span>\u001b[39m\n                \u001b[36m<span>\u001b[39m\n                  \u001b[0m四\u001b[0m\n                \u001b[36m</span>\u001b[39m\n                \u001b[36m<span>\u001b[39m\n                  \u001b[0m五\u001b[0m\n                \u001b[36m</span>\u001b[39m\n                \u001b[36m<span>\u001b[39m\n                  \u001b[0m六\u001b[0m\n                \u001b[36m</span>\u001b[39m\n              \u001b[36m</div>\u001b[39m\n              \u001b[36m<div\u001b[39m\n                \u001b[33mclass\u001b[39m=\u001b[32m\"calendar-week-row\"\u001b[39m\n              \u001b[36m>\u001b[39m\n                \u001b[36m<div\u001b[39m\n                  \u001b[33mclass\u001b[39m=\u001b[32m\"calendar-day empty\"\u001b[39m\n                \u001b[36m>\u001b[39m\n                  \u001b[36m<div\u001b[39m\n                    \u001b[33mclass\u001b[39m=\u001b[32m\"prototype-day-num\"\u001b[39m\n                  \u001b[36m/>\u001b[39m\n                \u001b[36m</div>\u001b[39m\n                \u001b[36m<div\u001b[39m\n                  \u001b[33mclass\u001b[39m=\u001b[32m\"calendar-day empty\"\u001b[39m\n                \u001b[36m>\u001b[39m\n                  \u001b[36m<div\u001b[39m\n                    \u001b[33mclass\u001b[39m=\u001b[32m\"prototype-day-num\"\u001b[39m\n                  \u001b[36m/>\u001b[39m\n                \u001b[36m</div>\u001b[39m\n                \u001b[36m<div\u001b[39m\n                  \u001b[33mclass\u001b[39m=\u001b[32m\"calendar-day empty\"\u001b[39m\n                \u001b[36m>\u001b[39m\n                  \u001b[36m<div\u001b[39m\n                    \u001b[33mclass\u001b[39m=\u001b[32m\"prototype-day-num\"\u001b[39m\n                  \u001b[36m/>\u001b[39m\n                \u001b[36m</div>\u001b[39m\n                \u001b[36m<div\u001b[39m\n                  \u001b[33mclass\u001b[39m=\u001b[32m\"calendar-day empty\"\u001b[39m\n                \u001b[36m>\u001b[39m\n                  \u001b[36m<div\u001b[39m\n                    \u001b[33mclass\u001b[39m=\u001b[32m\"prototype-day-num\"\u001b[39m\n                  \u001b[36m/>\u001b[39m\n                \u001b[36m</div>\u001b[39m\n                \u001b[36m<div\u001b[39m\n                  \u001b[33mclass\u001b[39m=\u001b[32m\"calendar-day green\"\u001b[39m\n                \u001b[36m>\u001b[39m\n                  \u001b[36m<div\u001b[39m\n                    \u001b[33mclass\u001b[39m=\u001b[32m\"prototype-day-num\"\u001b[39m\n                  \u001b[36m>\u001b[39m\n                    \u001b[0m1\u001b[0m\n                  \u001b[36m</div>\u001b[39m\n                \u001b[36m</div>\u001b[39m\n                \u001b[36m<div\u001b[39m\n                  \u001b[33mclass\u001b[39m=\u001b[32m\"calendar-day green\"\u001b[39m\n                \u001b[36m>\u001b[39m\n                  \u001b[36m<div\u001b[39m\n                    \u001b[33mclass\u001b[39m=\u001b[32m\"prototype-day-num\"\u001b[39m\n                  \u001b[36m>\u001b[39m\n                    \u001b[0m2\u001b[0m\n                  \u001b[36m</div>\u001b[39m\n                \u001b[36m</div>\u001b[39m\n                \u001b[36m<div\u001b[39m\n                  \u001b[33mclass\u001b[39m=\u001b[32m\"calendar-day today today\"\u001b[39m\n                \u001b[36m>\u001b[39m\n                  \u001b[36m<div\u001b[39m\n                    \u001b[33mclass\u001b[39m=\u001b[32m\"prototype-day-num\"\u001b[39m\n                  \u001b[36m>\u001b[39m\n                    \u001b[0m3\u001b[0m\n                    \u001b[36m<span\u001b[39m\n                      \u001b[33mclass\u001b[39m=\u001b[32m\"today-badge\"\u001b[39m\n                    \u001b[36m>\u001b[39m\n                      \u001b[0m今天\u001b[0m\n                    \u001b[36m</span>\u001b[39m\n                  \u001b[36m</div>\u001b[39m\n                \u001b[36m</div>\u001b[39m\n              \u001b[36m</div>\u001b[39m\n              \u001b[36m<div\u001b[39m\n               ...\n    at Object.getElementError (C:\\Users\\MeetYou\\Desktop\\meiyou-suiji-migration-export\\node_modules\\@testing-library\\dom\\dist\\config.js:37:19)\n    at getElementError (C:\\Users\\MeetYou\\Desktop\\meiyou-suiji-migration-export\\node_modules\\@testing-library\\dom\\dist\\query-helpers.js:20:35)\n    at getMultipleElementsFoundError (C:\\Users\\MeetYou\\Desktop\\meiyou-suiji-migration-export\\node_modules\\@testing-library\\dom\\dist\\query-helpers.js:23:10)\n    at C:\\Users\\MeetYou\\Desktop\\meiyou-suiji-migration-export\\node_modules\\@testing-library\\dom\\dist\\query-helpers.js:55:13\n    at C:\\Users\\MeetYou\\Desktop\\meiyou-suiji-migration-export\\node_modules\\@testing-library\\dom\\dist\\query-helpers.js:95:19\n    at C:\\Users\\MeetYou\\Desktop\\meiyou-suiji-migration-export\\tests\\scene1\\record-page.test.tsx:16:29\n    at file:///C:/Users/MeetYou/Desktop/meiyou-suiji-migration-export/node_modules/@vitest/runner/dist/index.js:146:14\n    at file:///C:/Users/MeetYou/Desktop/meiyou-suiji-migration-export/node_modules/@vitest/runner/dist/index.js:533:11\n    at runWithTimeout (file:///C:/Users/MeetYou/Desktop/meiyou-suiji-migration-export/node_modules/@vitest/runner/dist/index.js:39:7)\n    at runTest (file:///C:/Users/MeetYou/Desktop/meiyou-suiji-migration-export/node_modules/@vitest/runner/dist/index.js:1056:17)"],"meta":{}}],"startTime":1779787191980,"endTime":1779787192030.9492,"status":"failed","message":"","name":"C:/Users/MeetYou/Desktop/meiyou-suiji-migration-export/tests/scene1/record-page.test.tsx"},{"assertionResults":[{"ancestorTitles":["scene1 calendar landing"],"fullName":"scene1 calendar landing renders the calendar-first scene matching the original prototype structure","status":"passed","title":"renders the calendar-first scene matching the original prototype structure","duration":55.75400000000002,"failureMessages":[],"meta":{}},{"ancestorTitles":["scene1 calendar landing"],"fullName":"scene1 calendar landing shows the prototype analysis notice after confirming period start","status":"passed","title":"shows the prototype analysis notice after confirming period start","duration":92.64869999999996,"failureMessages":[],"meta":{}}],"startTime":1779787191596,"endTime":1779787191744.6487,"status":"passed","message":"","name":"C:/Users/MeetYou/Desktop/meiyou-suiji-migration-export/tests/scene1/scene1-calendar-layout.test.tsx"},{"assertionResults":[{"ancestorTitles":["scene1 controls"],"fullName":"scene1 controls can toggle the prototype analysis notice in dev controls","status":"failed","title":"can toggle the prototype analysis notice in dev controls","duration":106.33830000000012,"failureMessages":["TestingLibraryElementError: Found multiple elements with the role \"button\" and name \"显示分析提示\"\n\nHere are the matching elements:\n\nIgnored nodes: comments, script, style\n\u001b[36m<button\u001b[39m\n  \u001b[33maria-label\u001b[39m=\u001b[32m\"显示分析提示\"\u001b[39m\n  \u001b[33mtype\u001b[39m=\u001b[32m\"button\"\u001b[39m\n\u001b[36m>\u001b[39m\n  \u001b[0m显示分析提示\u001b[0m\n\u001b[36m</button>\u001b[39m\n\nIgnored nodes: comments, script, style\n\u001b[36m<button\u001b[39m\n  \u001b[33maria-label\u001b[39m=\u001b[32m\"显示分析提示\"\u001b[39m\n  \u001b[33mtype\u001b[39m=\u001b[32m\"button\"\u001b[39m\n\u001b[36m>\u001b[39m\n  \u001b[0m显示分析提示\u001b[0m\n\u001b[36m</button>\u001b[39m\n\nIgnored nodes: comments, script, style\n\u001b[36m<button\u001b[39m\n  \u001b[33maria-label\u001b[39m=\u001b[32m\"显示分析提示\"\u001b[39m\n  \u001b[33mtype\u001b[39m=\u001b[32m\"button\"\u001b[39m\n\u001b[36m>\u001b[39m\n  \u001b[0m显示分析提示\u001b[0m\n\u001b[36m</button>\u001b[39m\n\nIgnored nodes: comments, script, style\n\u001b[36m<button\u001b[39m\n  \u001b[33maria-label\u001b[39m=\u001b[32m\"显示分析提示\"\u001b[39m\n  \u001b[33mtype\u001b[39m=\u001b[32m\"button\"\u001b[39m\n\u001b[36m>\u001b[39m\n  \u001b[0m显示分析提示\u001b[0m\n\u001b[36m</button>\u001b[39m\n\nIgnored nodes: comments, script, style\n\u001b[36m<button\u001b[39m\n  \u001b[33maria-label\u001b[39m=\u001b[32m\"显示分析提示\"\u001b[39m\n  \u001b[33mtype\u001b[39m=\u001b[32m\"button\"\u001b[39m\n\u001b[36m>\u001b[39m\n  \u001b[0m显示分析提示\u001b[0m\n\u001b[36m</button>\u001b[39m\n\nIgnored nodes: comments, script, style\n\u001b[36m<button\u001b[39m\n  \u001b[33maria-label\u001b[39m=\u001b[32m\"显示分析提示\"\u001b[39m\n  \u001b[33mtype\u001b[39m=\u001b[32m\"button\"\u001b[39m\n\u001b[36m>\u001b[39m\n  \u001b[0m显示分析提示\u001b[0m\n\u001b[36m</button>\u001b[39m\n\nIgnored nodes: comments, script, style\n\u001b[36m<button\u001b[39m\n  \u001b[33maria-label\u001b[39m=\u001b[32m\"显示分析提示\"\u001b[39m\n  \u001b[33mtype\u001b[39m=\u001b[32m\"button\"\u001b[39m\n\u001b[36m>\u001b[39m\n  \u001b[0m显示分析提示\u001b[0m\n\u001b[36m</button>\u001b[39m\n\n(If this is intentional, then use the `*AllBy*` variant of the query (like `queryAllByText`, `getAllByText`, or `findAllByText`)).\n\nIgnored nodes: comments, script, style\n\u001b[36m<body>\u001b[39m\n  \u001b[36m<div>\u001b[39m\n    \u001b[36m<div\u001b[39m\n      \u001b[33mclass\u001b[39m=\u001b[32m\"app-root\"\u001b[39m\n    \u001b[36m>\u001b[39m\n      \u001b[36m<div\u001b[39m\n        \u001b[33mclass\u001b[39m=\u001b[32m\"phone-shell\"\u001b[39m\n        \u001b[33mdata-testid\u001b[39m=\u001b[32m\"phone-shell\"\u001b[39m\n      \u001b[36m>\u001b[39m\n        \u001b[36m<div\u001b[39m\n          \u001b[33mclass\u001b[39m=\u001b[32m\"scene1-calendar-page\"\u001b[39m\n          \u001b[33mdata-testid\u001b[39m=\u001b[32m\"scene-route-shell\"\u001b[39m\n        \u001b[36m>\u001b[39m\n          \u001b[36m<div\u001b[39m\n            \u001b[33mclass\u001b[39m=\u001b[32m\"statusbar\"\u001b[39m\n          \u001b[36m>\u001b[39m\n            \u001b[36m<span>\u001b[39m\n              \u001b[0m9:41\u001b[0m\n            \u001b[36m</span>\u001b[39m\n            \u001b[36m<div\u001b[39m\n              \u001b[33mclass\u001b[39m=\u001b[32m\"sb-r\"\u001b[39m\n            \u001b[36m>\u001b[39m\n              \u001b[36m<span\u001b[39m\n                \u001b[33mclass\u001b[39m=\u001b[32m\"sb-bars\"\u001b[39m\n              \u001b[36m>\u001b[39m\n                \u001b[36m<i />\u001b[39m\n                \u001b[36m<i />\u001b[39m\n                \u001b[36m<i />\u001b[39m\n                \u001b[36m<i />\u001b[39m\n              \u001b[36m</span>\u001b[39m\n              \u001b[36m<div\u001b[39m\n                \u001b[33mclass\u001b[39m=\u001b[32m\"sb-batt\"\u001b[39m\n              \u001b[36m>\u001b[39m\n                \u001b[36m<i />\u001b[39m\n              \u001b[36m</div>\u001b[39m\n            \u001b[36m</div>\u001b[39m\n          \u001b[36m</div>\u001b[39m\n          \u001b[36m<div\u001b[39m\n            \u001b[33mclass\u001b[39m=\u001b[32m\"calendar-shell\"\u001b[39m\n          \u001b[36m>\u001b[39m\n            \u001b[36m<div\u001b[39m\n              \u001b[33mclass\u001b[39m=\u001b[32m\"calendar-topbar prototype-topbar\"\u001b[39m\n            \u001b[36m>\u001b[39m\n              \u001b[36m<div\u001b[39m\n                \u001b[33mclass\u001b[39m=\u001b[32m\"calendar-month prototype-month\"\u001b[39m\n              \u001b[36m>\u001b[39m\n                \u001b[0m4月\u001b[0m\n              \u001b[36m</div>\u001b[39m\n              \u001b[36m<div\u001b[39m\n                \u001b[33maria-label\u001b[39m=\u001b[32m\"模式切换\"\u001b[39m\n                \u001b[33mclass\u001b[39m=\u001b[32m\"mode-tabs prototype-mode-tabs\"\u001b[39m\n                \u001b[33mrole\u001b[39m=\u001b[32m\"tablist\"\u001b[39m\n              \u001b[36m>\u001b[39m\n                \u001b[36m<button\u001b[39m\n                  \u001b[33mclass\u001b[39m=\u001b[32m\"mode-tab prototype-mode-tab active\"\u001b[39m\n                  \u001b[33mtype\u001b[39m=\u001b[32m\"button\"\u001b[39m\n                \u001b[36m>\u001b[39m\n                  \u001b[0m经期\u001b[0m\n                \u001b[36m</button>\u001b[39m\n                \u001b[36m<button\u001b[39m\n                  \u001b[33mclass\u001b[39m=\u001b[32m\"mode-tab prototype-mode-tab\"\u001b[39m\n                  \u001b[33mtype\u001b[39m=\u001b[32m\"button\"\u001b[39m\n                \u001b[36m>\u001b[39m\n                  \u001b[0m备孕\u001b[0m\n                \u001b[36m</button>\u001b[39m\n                \u001b[36m<button\u001b[39m\n                  \u001b[33mclass\u001b[39m=\u001b[32m\"mode-tab prototype-mode-tab\"\u001b[39m\n                  \u001b[33mtype\u001b[39m=\u001b[32m\"button\"\u001b[39m\n                \u001b[36m>\u001b[39m\n                  \u001b[0m怀孕\u001b[0m\n                \u001b[36m</button>\u001b[39m\n                \u001b[36m<button\u001b[39m\n                  \u001b[33mclass\u001b[39m=\u001b[32m\"mode-tab prototype-mode-tab\"\u001b[39m\n                  \u001b[33mtype\u001b[39m=\u001b[32m\"button\"\u001b[39m\n                \u001b[36m>\u001b[39m\n                  \u001b[0m育儿\u001b[0m\n                \u001b[36m</button>\u001b[39m\n              \u001b[36m</div>\u001b[39m\n              \u001b[36m<button\u001b[39m\n                \u001b[33maria-label\u001b[39m=\u001b[32m\"分析\"\u001b[39m\n                \u001b[33mclass\u001b[39m=\u001b[32m\"prototype-analysis-entry\"\u001b[39m\n                \u001b[33mtype\u001b[39m=\u001b[32m\"button\"\u001b[39m\n              \u001b[36m>\u001b[39m\n                \u001b[36m<span\u001b[39m\n                  \u001b[33mclass\u001b[39m=\u001b[32m\"analysis-entry-icon\"\u001b[39m\n                \u001b[36m>\u001b[39m\n                  \u001b[0m⌁\u001b[0m\n                \u001b[36m</span>\u001b[39m\n                \u001b[36m<span>\u001b[39m\n                  \u001b[0m分析\u001b[0m\n                \u001b[36m</span>\u001b[39m\n              \u001b[36m</button>\u001b[39m\n            \u001b[36m</div>\u001b[39m\n            \u001b[36m<div\u001b[39m\n              \u001b[33mclass\u001b[39m=\u001b[32m\"prototype-calendar-card\"\u001b[39m\n            \u001b[36m>\u001b[39m\n              \u001b[36m<div\u001b[39m\n                \u001b[33mclass\u001b[39m=\u001b[32m\"prototype-weekdays\"\u001b[39m\n              \u001b[36m>\u001b[39m\n                \u001b[36m<span>\u001b[39m\n                  \u001b[0m日\u001b[0m\n                \u001b[36m</span>\u001b[39m\n                \u001b[36m<span>\u001b[39m\n                  \u001b[0m一\u001b[0m\n                \u001b[36m</span>\u001b[39m\n                \u001b[36m<span>\u001b[39m\n                  \u001b[0m二\u001b[0m\n                \u001b[36m</span>\u001b[39m\n                \u001b[36m<span>\u001b[39m\n                  \u001b[0m三\u001b[0m\n                \u001b[36m</span>\u001b[39m\n                \u001b[36m<span>\u001b[39m\n                  \u001b[0m四\u001b[0m\n                \u001b[36m</span>\u001b[39m\n                \u001b[36m<span>\u001b[39m\n                  \u001b[0m五\u001b[0m\n                \u001b[36m</span>\u001b[39m\n                \u001b[36m<span>\u001b[39m\n                  \u001b[0m六\u001b[0m\n                \u001b[36m</span>\u001b[39m\n              \u001b[36m</div>\u001b[39m\n              \u001b[36m<div\u001b[39m\n                \u001b[33mclass\u001b[39m=\u001b[32m\"calendar-week-row\"\u001b[39m\n              \u001b[36m>\u001b[39m\n                \u001b[36m<div\u001b[39m\n                  \u001b[33mclass\u001b[39m=\u001b[32m\"calendar-day empty\"\u001b[39m\n                \u001b[36m>\u001b[39m\n                  \u001b[36m<div\u001b[39m\n                    \u001b[33mclass\u001b[39m=\u001b[32m\"prototype-day-num\"\u001b[39m\n                  \u001b[36m/>\u001b[39m\n                \u001b[36m</div>\u001b[39m\n                \u001b[36m<div\u001b[39m\n                  \u001b[33mclass\u001b[39m=\u001b[32m\"calendar-day empty\"\u001b[39m\n                \u001b[36m>\u001b[39m\n                  \u001b[36m<div\u001b[39m\n                    \u001b[33mclass\u001b[39m=\u001b[32m\"prototype-day-num\"\u001b[39m\n                  \u001b[36m/>\u001b[39m\n                \u001b[36m</div>\u001b[39m\n                \u001b[36m<div\u001b[39m\n                  \u001b[33mclass\u001b[39m=\u001b[32m\"calendar-day empty\"\u001b[39m\n                \u001b[36m>\u001b[39m\n                  \u001b[36m<div\u001b[39m\n                    \u001b[33mclass\u001b[39m=\u001b[32m\"prototype-day-num\"\u001b[39m\n                  \u001b[36m/>\u001b[39m\n                \u001b[36m</div>\u001b[39m\n                \u001b[36m<div\u001b[39m\n                  \u001b[33mclass\u001b[39m=\u001b[32m\"calendar-day empty\"\u001b[39m\n                \u001b[36m>\u001b[39m\n                  \u001b[36m<div\u001b[39m\n                    \u001b[33mclass\u001b[39m=\u001b[32m\"prototype-day-num\"\u001b[39m\n                  \u001b[36m/>\u001b[39m\n                \u001b[36m</div>\u001b[39m\n                \u001b[36m<div\u001b[39m\n                  \u001b[33mclass\u001b[39m=\u001b[32m\"calendar-day green\"\u001b[39m\n                \u001b[36m>\u001b[39m\n                  \u001b[36m<div\u001b[39m\n                    \u001b[33mclass\u001b[39m=\u001b[32m\"prototype-day-num\"\u001b[39m\n                  \u001b[36m>\u001b[39m\n                    \u001b[0m1\u001b[0m\n                  \u001b[36m</div>\u001b[39m\n                \u001b[36m</div>\u001b[39m\n                \u001b[36m<div\u001b[39m\n                  \u001b[33mclass\u001b[39m=\u001b[32m\"calendar-day green\"\u001b[39m\n                \u001b[36m>\u001b[39m\n                  \u001b[36m<div\u001b[39m\n                    \u001b[33mclass\u001b[39m=\u001b[32m\"prototype-day-num\"\u001b[39m\n                  \u001b[36m>\u001b[39m\n                    \u001b[0m2\u001b[0m\n                  \u001b[36m</div>\u001b[39m\n                \u001b[36m</div>\u001b[39m\n                \u001b[36m<div\u001b[39m\n                  \u001b[33mclass\u001b[39m=\u001b[32m\"calendar-day today today\"\u001b[39m\n                \u001b[36m>\u001b[39m\n                  \u001b[36m<div\u001b[39m\n                    \u001b[33mclass\u001b[39m=\u001b[32m\"prototype-day-num\"\u001b[39m\n                  \u001b[36m>\u001b[39m\n                    \u001b[0m3\u001b[0m\n                    \u001b[36m<span\u001b[39m\n                      \u001b[33mclass\u001b[39m=\u001b[32m\"today-badge\"\u001b[39m\n                    \u001b[36m>\u001b[39m\n                      \u001b[0m今天\u001b[0m\n                    \u001b[36m</span>\u001b[39m\n                  \u001b[36m</div>\u001b[39m\n                \u001b[36m</div>\u001b[39m\n              \u001b[36m</div>\u001b[39m\n              \u001b[36m<div\u001b[39m\n               ...\n    at Object.getElementError (C:\\Users\\MeetYou\\Desktop\\meiyou-suiji-migration-export\\node_modules\\@testing-library\\dom\\dist\\config.js:37:19)\n    at getElementError (C:\\Users\\MeetYou\\Desktop\\meiyou-suiji-migration-export\\node_modules\\@testing-library\\dom\\dist\\query-helpers.js:20:35)\n    at getMultipleElementsFoundError (C:\\Users\\MeetYou\\Desktop\\meiyou-suiji-migration-export\\node_modules\\@testing-library\\dom\\dist\\query-helpers.js:23:10)\n    at C:\\Users\\MeetYou\\Desktop\\meiyou-suiji-migration-export\\node_modules\\@testing-library\\dom\\dist\\query-helpers.js:55:13\n    at C:\\Users\\MeetYou\\Desktop\\meiyou-suiji-migration-export\\node_modules\\@testing-library\\dom\\dist\\query-helpers.js:95:19\n    at C:\\Users\\MeetYou\\Desktop\\meiyou-suiji-migration-export\\tests\\scene1\\scene1-controls.test.tsx:16:29\n    at file:///C:/Users/MeetYou/Desktop/meiyou-suiji-migration-export/node_modules/@vitest/runner/dist/index.js:146:14\n    at file:///C:/Users/MeetYou/Desktop/meiyou-suiji-migration-export/node_modules/@vitest/runner/dist/index.js:533:11\n    at runWithTimeout (file:///C:/Users/MeetYou/Desktop/meiyou-suiji-migration-export/node_modules/@vitest/runner/dist/index.js:39:7)\n    at runTest (file:///C:/Users/MeetYou/Desktop/meiyou-suiji-migration-export/node_modules/@vitest/runner/dist/index.js:1056:17)"],"meta":{}}],"startTime":1779787192608,"endTime":1779787192714.3384,"status":"failed","message":"","name":"C:/Users/MeetYou/Desktop/meiyou-suiji-migration-export/tests/scene1/scene1-controls.test.tsx"},{"assertionResults":[{"ancestorTitles":["scene1 interaction"],"fullName":"scene1 interaction shows the prototype analysis notice after period start is confirmed","status":"failed","title":"shows the prototype analysis notice after period start is confirmed","duration":80.18329999999992,"failureMessages":["TestingLibraryElementError: Found multiple elements with the role \"button\" and name \"是\"\n\nHere are the matching elements:\n\nIgnored nodes: comments, script, style\n\u001b[36m<button\u001b[39m\n  \u001b[33maria-label\u001b[39m=\u001b[32m\"是\"\u001b[39m\n  \u001b[33mclass\u001b[39m=\u001b[32m\"\"\u001b[39m\n  \u001b[33mtype\u001b[39m=\u001b[32m\"button\"\u001b[39m\n\u001b[36m>\u001b[39m\n  \u001b[0m是\u001b[0m\n\u001b[36m</button>\u001b[39m\n\nIgnored nodes: comments, script, style\n\u001b[36m<button\u001b[39m\n  \u001b[33maria-label\u001b[39m=\u001b[32m\"是\"\u001b[39m\n  \u001b[33mclass\u001b[39m=\u001b[32m\"\"\u001b[39m\n  \u001b[33mtype\u001b[39m=\u001b[32m\"button\"\u001b[39m\n\u001b[36m>\u001b[39m\n  \u001b[0m是\u001b[0m\n\u001b[36m</button>\u001b[39m\n\nIgnored nodes: comments, script, style\n\u001b[36m<button\u001b[39m\n  \u001b[33maria-label\u001b[39m=\u001b[32m\"是\"\u001b[39m\n  \u001b[33mclass\u001b[39m=\u001b[32m\"\"\u001b[39m\n  \u001b[33mtype\u001b[39m=\u001b[32m\"button\"\u001b[39m\n\u001b[36m>\u001b[39m\n  \u001b[0m是\u001b[0m\n\u001b[36m</button>\u001b[39m\n\nIgnored nodes: comments, script, style\n\u001b[36m<button\u001b[39m\n  \u001b[33maria-label\u001b[39m=\u001b[32m\"是\"\u001b[39m\n  \u001b[33mclass\u001b[39m=\u001b[32m\"\"\u001b[39m\n  \u001b[33mtype\u001b[39m=\u001b[32m\"button\"\u001b[39m\n\u001b[36m>\u001b[39m\n  \u001b[0m是\u001b[0m\n\u001b[36m</button>\u001b[39m\n\nIgnored nodes: comments, script, style\n\u001b[36m<button\u001b[39m\n  \u001b[33maria-label\u001b[39m=\u001b[32m\"是\"\u001b[39m\n  \u001b[33mclass\u001b[39m=\u001b[32m\"\"\u001b[39m\n  \u001b[33mtype\u001b[39m=\u001b[32m\"button\"\u001b[39m\n\u001b[36m>\u001b[39m\n  \u001b[0m是\u001b[0m\n\u001b[36m</button>\u001b[39m\n\nIgnored nodes: comments, script, style\n\u001b[36m<button\u001b[39m\n  \u001b[33maria-label\u001b[39m=\u001b[32m\"是\"\u001b[39m\n  \u001b[33mclass\u001b[39m=\u001b[32m\"\"\u001b[39m\n  \u001b[33mtype\u001b[39m=\u001b[32m\"button\"\u001b[39m\n\u001b[36m>\u001b[39m\n  \u001b[0m是\u001b[0m\n\u001b[36m</button>\u001b[39m\n\n(If this is intentional, then use the `*AllBy*` variant of the query (like `queryAllByText`, `getAllByText`, or `findAllByText`)).\n\nIgnored nodes: comments, script, style\n\u001b[36m<body>\u001b[39m\n  \u001b[36m<div>\u001b[39m\n    \u001b[36m<div\u001b[39m\n      \u001b[33mclass\u001b[39m=\u001b[32m\"app-root\"\u001b[39m\n    \u001b[36m>\u001b[39m\n      \u001b[36m<div\u001b[39m\n        \u001b[33mclass\u001b[39m=\u001b[32m\"phone-shell\"\u001b[39m\n        \u001b[33mdata-testid\u001b[39m=\u001b[32m\"phone-shell\"\u001b[39m\n      \u001b[36m>\u001b[39m\n        \u001b[36m<div\u001b[39m\n          \u001b[33mclass\u001b[39m=\u001b[32m\"scene1-calendar-page\"\u001b[39m\n          \u001b[33mdata-testid\u001b[39m=\u001b[32m\"scene-route-shell\"\u001b[39m\n        \u001b[36m>\u001b[39m\n          \u001b[36m<div\u001b[39m\n            \u001b[33mclass\u001b[39m=\u001b[32m\"statusbar\"\u001b[39m\n          \u001b[36m>\u001b[39m\n            \u001b[36m<span>\u001b[39m\n              \u001b[0m9:41\u001b[0m\n            \u001b[36m</span>\u001b[39m\n            \u001b[36m<div\u001b[39m\n              \u001b[33mclass\u001b[39m=\u001b[32m\"sb-r\"\u001b[39m\n            \u001b[36m>\u001b[39m\n              \u001b[36m<span\u001b[39m\n                \u001b[33mclass\u001b[39m=\u001b[32m\"sb-bars\"\u001b[39m\n              \u001b[36m>\u001b[39m\n                \u001b[36m<i />\u001b[39m\n                \u001b[36m<i />\u001b[39m\n                \u001b[36m<i />\u001b[39m\n                \u001b[36m<i />\u001b[39m\n              \u001b[36m</span>\u001b[39m\n              \u001b[36m<div\u001b[39m\n                \u001b[33mclass\u001b[39m=\u001b[32m\"sb-batt\"\u001b[39m\n              \u001b[36m>\u001b[39m\n                \u001b[36m<i />\u001b[39m\n              \u001b[36m</div>\u001b[39m\n            \u001b[36m</div>\u001b[39m\n          \u001b[36m</div>\u001b[39m\n          \u001b[36m<div\u001b[39m\n            \u001b[33mclass\u001b[39m=\u001b[32m\"calendar-shell\"\u001b[39m\n          \u001b[36m>\u001b[39m\n            \u001b[36m<div\u001b[39m\n              \u001b[33mclass\u001b[39m=\u001b[32m\"calendar-topbar prototype-topbar\"\u001b[39m\n            \u001b[36m>\u001b[39m\n              \u001b[36m<div\u001b[39m\n                \u001b[33mclass\u001b[39m=\u001b[32m\"calendar-month prototype-month\"\u001b[39m\n              \u001b[36m>\u001b[39m\n                \u001b[0m4月\u001b[0m\n              \u001b[36m</div>\u001b[39m\n              \u001b[36m<div\u001b[39m\n                \u001b[33maria-label\u001b[39m=\u001b[32m\"模式切换\"\u001b[39m\n                \u001b[33mclass\u001b[39m=\u001b[32m\"mode-tabs prototype-mode-tabs\"\u001b[39m\n                \u001b[33mrole\u001b[39m=\u001b[32m\"tablist\"\u001b[39m\n              \u001b[36m>\u001b[39m\n                \u001b[36m<button\u001b[39m\n                  \u001b[33mclass\u001b[39m=\u001b[32m\"mode-tab prototype-mode-tab active\"\u001b[39m\n                  \u001b[33mtype\u001b[39m=\u001b[32m\"button\"\u001b[39m\n                \u001b[36m>\u001b[39m\n                  \u001b[0m经期\u001b[0m\n                \u001b[36m</button>\u001b[39m\n                \u001b[36m<button\u001b[39m\n                  \u001b[33mclass\u001b[39m=\u001b[32m\"mode-tab prototype-mode-tab\"\u001b[39m\n                  \u001b[33mtype\u001b[39m=\u001b[32m\"button\"\u001b[39m\n                \u001b[36m>\u001b[39m\n                  \u001b[0m备孕\u001b[0m\n                \u001b[36m</button>\u001b[39m\n                \u001b[36m<button\u001b[39m\n                  \u001b[33mclass\u001b[39m=\u001b[32m\"mode-tab prototype-mode-tab\"\u001b[39m\n                  \u001b[33mtype\u001b[39m=\u001b[32m\"button\"\u001b[39m\n                \u001b[36m>\u001b[39m\n                  \u001b[0m怀孕\u001b[0m\n                \u001b[36m</button>\u001b[39m\n                \u001b[36m<button\u001b[39m\n                  \u001b[33mclass\u001b[39m=\u001b[32m\"mode-tab prototype-mode-tab\"\u001b[39m\n                  \u001b[33mtype\u001b[39m=\u001b[32m\"button\"\u001b[39m\n                \u001b[36m>\u001b[39m\n                  \u001b[0m育儿\u001b[0m\n                \u001b[36m</button>\u001b[39m\n              \u001b[36m</div>\u001b[39m\n              \u001b[36m<button\u001b[39m\n                \u001b[33maria-label\u001b[39m=\u001b[32m\"分析\"\u001b[39m\n                \u001b[33mclass\u001b[39m=\u001b[32m\"prototype-analysis-entry\"\u001b[39m\n                \u001b[33mtype\u001b[39m=\u001b[32m\"button\"\u001b[39m\n              \u001b[36m>\u001b[39m\n                \u001b[36m<span\u001b[39m\n                  \u001b[33mclass\u001b[39m=\u001b[32m\"analysis-entry-icon\"\u001b[39m\n                \u001b[36m>\u001b[39m\n                  \u001b[0m⌁\u001b[0m\n                \u001b[36m</span>\u001b[39m\n                \u001b[36m<span>\u001b[39m\n                  \u001b[0m分析\u001b[0m\n                \u001b[36m</span>\u001b[39m\n              \u001b[36m</button>\u001b[39m\n            \u001b[36m</div>\u001b[39m\n            \u001b[36m<div\u001b[39m\n              \u001b[33mclass\u001b[39m=\u001b[32m\"prototype-calendar-card\"\u001b[39m\n            \u001b[36m>\u001b[39m\n              \u001b[36m<div\u001b[39m\n                \u001b[33mclass\u001b[39m=\u001b[32m\"prototype-weekdays\"\u001b[39m\n              \u001b[36m>\u001b[39m\n                \u001b[36m<span>\u001b[39m\n                  \u001b[0m日\u001b[0m\n                \u001b[36m</span>\u001b[39m\n                \u001b[36m<span>\u001b[39m\n                  \u001b[0m一\u001b[0m\n                \u001b[36m</span>\u001b[39m\n                \u001b[36m<span>\u001b[39m\n                  \u001b[0m二\u001b[0m\n                \u001b[36m</span>\u001b[39m\n                \u001b[36m<span>\u001b[39m\n                  \u001b[0m三\u001b[0m\n                \u001b[36m</span>\u001b[39m\n                \u001b[36m<span>\u001b[39m\n                  \u001b[0m四\u001b[0m\n                \u001b[36m</span>\u001b[39m\n                \u001b[36m<span>\u001b[39m\n                  \u001b[0m五\u001b[0m\n                \u001b[36m</span>\u001b[39m\n                \u001b[36m<span>\u001b[39m\n                  \u001b[0m六\u001b[0m\n                \u001b[36m</span>\u001b[39m\n              \u001b[36m</div>\u001b[39m\n              \u001b[36m<div\u001b[39m\n                \u001b[33mclass\u001b[39m=\u001b[32m\"calendar-week-row\"\u001b[39m\n              \u001b[36m>\u001b[39m\n                \u001b[36m<div\u001b[39m\n                  \u001b[33mclass\u001b[39m=\u001b[32m\"calendar-day empty\"\u001b[39m\n                \u001b[36m>\u001b[39m\n                  \u001b[36m<div\u001b[39m\n                    \u001b[33mclass\u001b[39m=\u001b[32m\"prototype-day-num\"\u001b[39m\n                  \u001b[36m/>\u001b[39m\n                \u001b[36m</div>\u001b[39m\n                \u001b[36m<div\u001b[39m\n                  \u001b[33mclass\u001b[39m=\u001b[32m\"calendar-day empty\"\u001b[39m\n                \u001b[36m>\u001b[39m\n                  \u001b[36m<div\u001b[39m\n                    \u001b[33mclass\u001b[39m=\u001b[32m\"prototype-day-num\"\u001b[39m\n                  \u001b[36m/>\u001b[39m\n                \u001b[36m</div>\u001b[39m\n                \u001b[36m<div\u001b[39m\n                  \u001b[33mclass\u001b[39m=\u001b[32m\"calendar-day empty\"\u001b[39m\n                \u001b[36m>\u001b[39m\n                  \u001b[36m<div\u001b[39m\n                    \u001b[33mclass\u001b[39m=\u001b[32m\"prototype-day-num\"\u001b[39m\n                  \u001b[36m/>\u001b[39m\n                \u001b[36m</div>\u001b[39m\n                \u001b[36m<div\u001b[39m\n                  \u001b[33mclass\u001b[39m=\u001b[32m\"calendar-day empty\"\u001b[39m\n                \u001b[36m>\u001b[39m\n                  \u001b[36m<div\u001b[39m\n                    \u001b[33mclass\u001b[39m=\u001b[32m\"prototype-day-num\"\u001b[39m\n                  \u001b[36m/>\u001b[39m\n                \u001b[36m</div>\u001b[39m\n                \u001b[36m<div\u001b[39m\n                  \u001b[33mclass\u001b[39m=\u001b[32m\"calendar-day green\"\u001b[39m\n                \u001b[36m>\u001b[39m\n                  \u001b[36m<div\u001b[39m\n                    \u001b[33mclass\u001b[39m=\u001b[32m\"prototype-day-num\"\u001b[39m\n                  \u001b[36m>\u001b[39m\n                    \u001b[0m1\u001b[0m\n                  \u001b[36m</div>\u001b[39m\n                \u001b[36m</div>\u001b[39m\n                \u001b[36m<div\u001b[39m\n                  \u001b[33mclass\u001b[39m=\u001b[32m\"calendar-day green\"\u001b[39m\n                \u001b[36m>\u001b[39m\n                  \u001b[36m<div\u001b[39m\n                    \u001b[33mclass\u001b[39m=\u001b[32m\"prototype-day-num\"\u001b[39m\n                  \u001b[36m>\u001b[39m\n                    \u001b[0m2\u001b[0m\n                  \u001b[36m</div>\u001b[39m\n                \u001b[36m</div>\u001b[39m\n                \u001b[36m<div\u001b[39m\n                  \u001b[33mclass\u001b[39m=\u001b[32m\"calendar-day today today\"\u001b[39m\n                \u001b[36m>\u001b[39m\n                  \u001b[36m<div\u001b[39m\n                    \u001b[33mclass\u001b[39m=\u001b[32m\"prototype-day-num\"\u001b[39m\n                  \u001b[36m>\u001b[39m\n                    \u001b[0m3\u001b[0m\n                    \u001b[36m<span\u001b[39m\n                      \u001b[33mclass\u001b[39m=\u001b[32m\"today-badge\"\u001b[39m\n                    \u001b[36m>\u001b[39m\n                      \u001b[0m今天\u001b[0m\n                    \u001b[36m</span>\u001b[39m\n                  \u001b[36m</div>\u001b[39m\n                \u001b[36m</div>\u001b[39m\n              \u001b[36m</div>\u001b[39m\n              \u001b[36m<div\u001b[39m\n               ...\n    at Object.getElementError (C:\\Users\\MeetYou\\Desktop\\meiyou-suiji-migration-export\\node_modules\\@testing-library\\dom\\dist\\config.js:37:19)\n    at getElementError (C:\\Users\\MeetYou\\Desktop\\meiyou-suiji-migration-export\\node_modules\\@testing-library\\dom\\dist\\query-helpers.js:20:35)\n    at getMultipleElementsFoundError (C:\\Users\\MeetYou\\Desktop\\meiyou-suiji-migration-export\\node_modules\\@testing-library\\dom\\dist\\query-helpers.js:23:10)\n    at C:\\Users\\MeetYou\\Desktop\\meiyou-suiji-migration-export\\node_modules\\@testing-library\\dom\\dist\\query-helpers.js:55:13\n    at C:\\Users\\MeetYou\\Desktop\\meiyou-suiji-migration-export\\node_modules\\@testing-library\\dom\\dist\\query-helpers.js:95:19\n    at C:\\Users\\MeetYou\\Desktop\\meiyou-suiji-migration-export\\tests\\scene1\\scene1-interaction.test.tsx:16:29\n    at file:///C:/Users/MeetYou/Desktop/meiyou-suiji-migration-export/node_modules/@vitest/runner/dist/index.js:146:14\n    at file:///C:/Users/MeetYou/Desktop/meiyou-suiji-migration-export/node_modules/@vitest/runner/dist/index.js:533:11\n    at runWithTimeout (file:///C:/Users/MeetYou/Desktop/meiyou-suiji-migration-export/node_modules/@vitest/runner/dist/index.js:39:7)\n    at runTest (file:///C:/Users/MeetYou/Desktop/meiyou-suiji-migration-export/node_modules/@vitest/runner/dist/index.js:1056:17)"],"meta":{}}],"startTime":1779787192468,"endTime":1779787192548.1833,"status":"failed","message":"","name":"C:/Users/MeetYou/Desktop/meiyou-suiji-migration-export/tests/scene1/scene1-interaction.test.tsx"},{"assertionResults":[{"ancestorTitles":["scene1 prototype layout fidelity"],"fullName":"scene1 prototype layout fidelity renders the record area as vertical rows instead of a grid","status":"failed","title":"renders the record area as vertical rows instead of a grid","duration":41.24480000000017,"failureMessages":["TestingLibraryElementError: Found multiple elements by: [data-testid=\"scene1-record-list\"]\n\nHere are the matching elements:\n\nIgnored nodes: comments, script, style\n\u001b[36m<div\u001b[39m\n  \u001b[33mclass\u001b[39m=\u001b[32m\"record-list\"\u001b[39m\n  \u001b[33mdata-testid\u001b[39m=\u001b[32m\"scene1-record-list\"\u001b[39m\n\u001b[36m>\u001b[39m\n  \u001b[36m<div\u001b[39m\n    \u001b[33mclass\u001b[39m=\u001b[32m\"record-list-row record-list-row-period\"\u001b[39m\n    \u001b[33mdata-testid\u001b[39m=\u001b[32m\"scene1-record-row-period\"\u001b[39m\n  \u001b[36m>\u001b[39m\n    \u001b[36m<div\u001b[39m\n      \u001b[33mclass\u001b[39m=\u001b[32m\"record-list-icon record-list-icon-period\"\u001b[39m\n    \u001b[36m>\u001b[39m\n      \u001b[0m🩸\u001b[0m\n    \u001b[36m</div>\u001b[39m\n    \u001b[36m<div\u001b[39m\n      \u001b[33mclass\u001b[39m=\u001b[32m\"record-list-label\"\u001b[39m\n    \u001b[36m>\u001b[39m\n      \u001b[0m月经来了\u001b[0m\n    \u001b[36m</div>\u001b[39m\n    \u001b[36m<div\u001b[39m\n      \u001b[33mclass\u001b[39m=\u001b[32m\"record-list-right\"\u001b[39m\n    \u001b[36m>\u001b[39m\n      \u001b[36m<div\u001b[39m\n        \u001b[33mclass\u001b[39m=\u001b[32m\"record-toggle\"\u001b[39m\n      \u001b[36m>\u001b[39m\n        \u001b[36m<button\u001b[39m\n          \u001b[33maria-label\u001b[39m=\u001b[32m\"是\"\u001b[39m\n          \u001b[33mclass\u001b[39m=\u001b[32m\"\"\u001b[39m\n          \u001b[33mtype\u001b[39m=\u001b[32m\"button\"\u001b[39m\n        \u001b[36m>\u001b[39m\n          \u001b[0m是\u001b[0m\n        \u001b[36m</button>\u001b[39m\n        \u001b[36m<button\u001b[39m\n          \u001b[33maria-label\u001b[39m=\u001b[32m\"否\"\u001b[39m\n          \u001b[33mclass\u001b[39m=\u001b[32m\"active\"\u001b[39m\n          \u001b[33mtype\u001b[39m=\u001b[32m\"button\"\u001b[39m\n        \u001b[36m>\u001b[39m\n          \u001b[0m否\u001b[0m\n        \u001b[36m</button>\u001b[39m\n      \u001b[36m</div>\u001b[39m\n    \u001b[36m</div>\u001b[39m\n  \u001b[36m</div>\u001b[39m\n  \u001b[36m<div\u001b[39m\n    \u001b[33mclass\u001b[39m=\u001b[32m\"record-list-row record-list-row-love\"\u001b[39m\n    \u001b[33mdata-testid\u001b[39m=\u001b[32m\"scene1-record-row-love\"\u001b[39m\n  \u001b[36m>\u001b[39m\n    \u001b[36m<div\u001b[39m\n      \u001b[33mclass\u001b[39m=\u001b[32m\"record-list-icon record-list-icon-love\"\u001b[39m\n    \u001b[36m>\u001b[39m\n      \u001b[0m💗\u001b[0m\n    \u001b[36m</div>\u001b[39m\n    \u001b[36m<div\u001b[39m\n      \u001b[33mclass\u001b[39m=\u001b[32m\"record-list-label\"\u001b[39m\n    \u001b[36m>\u001b[39m\n      \u001b[0m爱爱\u001b[0m\n    \u001b[36m</div>\u001b[39m\n    \u001b[36m<div\u001b[39m\n      \u001b[33mclass\u001b[39m=\u001b[32m\"record-list-right\"\u001b[39m\n    \u001b[36m>\u001b[39m\n      \u001b[36m<div\u001b[39m\n        \u001b[33mclass\u001b[39m=\u001b[32m\"record-plus\"\u001b[39m\n      \u001b[36m>\u001b[39m\n        \u001b[0m+\u001b[0m\n      \u001b[36m</div>\u001b[39m\n    \u001b[36m</div>\u001b[39m\n  \u001b[36m</div>\u001b[39m\n  \u001b[36m<div\u001b[39m\n    \u001b[33mclass\u001b[39m=\u001b[32m\"record-list-row record-list-row-symptom\"\u001b[39m\n    \u001b[33mdata-testid\u001b[39m=\u001b[32m\"scene1-record-row-symptom\"\u001b[39m\n  \u001b[36m>\u001b[39m\n    \u001b[36m<div\u001b[39m\n      \u001b[33mclass\u001b[39m=\u001b[32m\"record-list-icon record-list-icon-symptom\"\u001b[39m\n    \u001b[36m>\u001b[39m\n      \u001b[0m➕\u001b[0m\n    \u001b[36m</div>\u001b[39m\n    \u001b[36m<div\u001b[39m\n      \u001b[33mclass\u001b[39m=\u001b[32m\"record-list-label\"\u001b[39m\n    \u001b[36m>\u001b[39m\n      \u001b[0m症状\u001b[0m\n    \u001b[36m</div>\u001b[39m\n    \u001b[36m<div\u001b[39m\n      \u001b[33mclass\u001b[39m=\u001b[32m\"record-list-right\"\u001b[39m\n    \u001b[36m>\u001b[39m\n      \u001b[36m<div\u001b[39m\n        \u001b[33mclass\u001b[39m=\u001b[32m\"record-plus\"\u001b[39m\n      \u001b[36m>\u001b[39m\n        \u001b[0m+\u001b[0m\n      \u001b[36m</div>\u001b[39m\n    \u001b[36m</div>\u001b[39m\n  \u001b[36m</div>\u001b[39m\n  \u001b[36m<div\u001b[39m\n    \u001b[33mclass\u001b[39m=\u001b[32m\"record-list-row record-list-row-mood\"\u001b[39m\n    \u001b[33mdata-testid\u001b[39m=\u001b[32m\"scene1-record-row-mood\"\u001b[39m\n  \u001b[36m>\u001b[39m\n    \u001b[36m<div\u001b[39m\n      \u001b[33mclass\u001b[39m=\u001b[32m\"record-list-icon record-list-icon-mood\"\u001b[39m\n    \u001b[36m>\u001b[39m\n      \u001b[0m☺\u001b[0m\n    \u001b[36m</div>\u001b[39m\n    \u001b[36m<div\u001b[39m\n      \u001b[33mclass\u001b[39m=\u001b[32m\"record-list-label\"\u001b[39m\n    \u001b[36m>\u001b[39m\n      \u001b[0m心情\u001b[0m\n    \u001b[36m</div>\u001b[39m\n    \u001b[36m<div\u001b[39m\n      \u001b[33mclass\u001b[39m=\u001b[32m\"record-list-right\"\u001b[39m\n    \u001b[36m>\u001b[39m\n      \u001b[36m<div\u001b[39m\n        \u001b[33mclass\u001b[39m=\u001b[32m\"record-moods\"\u001b[39m\n      \u001b[36m>\u001b[39m\n        \u001b[36m<div\u001b[39m\n          \u001b[33mclass\u001b[39m=\u001b[32m\"record-mood\"\u001b[39m\n        \u001b[36m>\u001b[39m\n          \u001b[0m😣\u001b[0m\n        \u001b[36m</div>\u001b[39m\n        \u001b[36m<div\u001b[39m\n          \u001b[33mclass\u001b[39m=\u001b[32m\"record-mood\"\u001b[39m\n        \u001b[36m>\u001b[39m\n          \u001b[0m😖\u001b[0m\n        \u001b[36m</div>\u001b[39m\n        \u001b[36m<div\u001b[39m\n          \u001b[33mclass\u001b[39m=\u001b[32m\"record-mood\"\u001b[39m\n        \u001b[36m>\u001b[39m\n          \u001b[0m😐\u001b[0m\n        \u001b[36m</div>\u001b[39m\n        \u001b[36m<div\u001b[39m\n          \u001b[33mclass\u001b[39m=\u001b[32m\"record-mood\"\u001b[39m\n        \u001b[36m>\u001b[39m\n          \u001b[0m😶\u001b[0m\n        \u001b[36m</div>\u001b[39m\n        \u001b[36m<div\u001b[39m\n          \u001b[33mclass\u001b[39m=\u001b[32m\"record-mood\"\u001b[39m\n        \u001b[36m>\u001b[39m\n          \u001b[0m🙂\u001b[0m\n        \u001b[36m</div>\u001b[39m\n      \u001b[36m</div>\u001b[39m\n      \u001b[36m<div\u001b[39m\n        \u001b[33mclass\u001b[39m=\u001b[32m\"record-plus\"\u001b[39m\n      \u001b[36m>\u001b[39m\n        \u001b[0m+\u001b[0m\n      \u001b[36m</div>\u001b[39m\n    \u001b[36m</div>\u001b[39m\n  \u001b[36m</div>\u001b[39m\n  \u001b[36m<div\u001b[39m\n    \u001b[33mclass\u001b[39m=\u001b[32m\"record-list-row record-list-row-discharge\"\u001b[39m\n    \u001b[33mdata-testid\u001b[39m=\u001b[32m\"scene1-record-row-discharge\"\u001b[39m\n  \u001b[36m>\u001b[39m\n    \u001b[36m<div\u001b[39m\n      \u001b[33mclass\u001b[39m=\u001b[32m\"record-list-icon record-list-icon-discharge\"\u001b[39m\n    \u001b[36m>\u001b[39m\n      \u001b[0m⏳\u001b[0m\n    \u001b[36m</div>\u001b[39m\n    \u001b[36m<div\u001b[39m\n      \u001b[33mclass\u001b[39m=\u001b[32m\"record-list-label\"\u001b[39m\n    \u001b[36m>\u001b[39m\n      \u001b[0m白带\u001b[0m\n    \u001b[36m</div>\u001b[39m\n    \u001b[36m<div\u001b[39m\n      \u001b[33mclass\u001b[39m=\u001b[32m\"record-list-right\"\u001b[39m\n    \u001b[36m>\u001b[39m\n      \u001b[36m<div\u001b[39m\n        \u001b[33mclass\u001b[39m=\u001b[32m\"record-plus\"\u001b[39m\n      \u001b[36m>\u001b[39m\n        \u001b[0m+\u001b[0m\n      \u001b[36m</div>\u001b[39m\n    \u001b[36m</div>\u001b[39m\n  \u001b[36m</div>\u001b[39m\n  \u001b[36m<div\u001b[39m\n    \u001b[33mclass\u001b[39m=\u001b[32m\"record-list-row record-list-row-temp\"\u001b[39m\n    \u001b[33mdata-testid\u001b[39m=\u001b[32m\"scene1-record-row-temp\"\u001b[39m\n  \u001b[36m>\u001b[39m\n    \u001b[36m<div\u001b[39m\n      \u001b[33mclass\u001b[39m=\u001b[32m\"record-list-icon record-list-icon-temp\"\u001b[39m\n    \u001b[36m>\u001b[39m\n      \u001b[0m🌡\u001b[0m\n    \u001b[36m</div>\u001b[39m\n    \u001b[36m<div\u001b[39m\n      \u001b[33mclass\u001b[39m=\u001b[32m\"record-list-label\"\u001b[39m\n    \u001b[36m>\u001b[39m\n      \u001b[0m体温\u001b[0m\n    \u001b[36m</div>\u001b[39m\n    \u001b[36m<div\u001b[39m\n      \u001b[33mclass\u001b[39m=\u001b[32m\"record-list-right\"\u001b[39m\n    \u001b[36m>\u001b[39m\n      \u001b[36m<div\u001b[39m\n        \u001b[33mclass\u001b[39m=\u001b[32m\"record-plus\"\u001b[39m\n      \u001b[36m>\u001b[39m\n        \u001b[0m+\u001b[0m\n      \u001b[36m</div>\u001b[39m\n    \u001b[36m</div>\u001b[39m\n  \u001b[36m</div>\u001b[39m\n  \u001b[36m<div\u001b[39m\n    \u001b[33mclass\u001b[39m=\u001b[32m\"record-list-row record-list-row-weight\"\u001b[39m\n    \u001b[33mdata-testid\u001b[39m=\u001b[32m\"scene1-record-row-weight\"\u001b[39m\n  \u001b[36m>\u001b[39m\n    \u001b[36m<div\u001b[39m\n      \u001b[33mclass\u001b[39m=\u001b[32m\"record-list-icon record-list-icon-weight\"\u001b[39m\n    \u001b[36m>\u001b[39m\n      \u001b[0m⚖\u001b[0m\n    \u001b[36m</div>\u001b[39m\n    \u001b[36m<div\u001b[39m\n      \u001b[33mclass\u001b[39m=\u001b[32m\"record-list-label\"\u001b[39m\n    \u001b[36m>\u001b[39m\n      \u001b[0m体重\u001b[0m\n    \u001b[36m</div>\u001b[39m\n    \u001b[36m<div\u001b[39m\n      \u001b[33mclass\u001b[39m=\u001b[32m\"record-list-right\"\u001b[39m\n    \u001b[36m>\u001b[39m\n      \u001b[36m<div\u001b[39m\n        \u001b[33mclass\u001b[39m=\u001b[32m\"record-plus\"\u001b[39m\n      \u001b[36m>\u001b[39m\n        \u001b[0m+\u001b[0m\n      \u001b[36m</div>\u001b[39m\n    \u001b[36m</div>\u001b[39m\n  \u001b[36m</div>\u001b[39m\n  \u001b[36m<div\u001b[39m\n    \u001b[33mclass\u001b[39m=\u001b[32m\"record-list-row record-list-row-diary\"\u001b[39m\n    \u001b[33mdata-testid\u001b[39m=\u001b[32m\"scene1-record-row-diary\"\u001b[39m\n  \u001b[36m>\u001b[39m\n    \u001b[36m<div\u001b[39m\n      \u001b[33mclass\u001b[39m=\u001b[32m\"record-list-icon record-list-icon-diary\"\u001b[39m\n    \u001b[36m>\u001b[39m\n      \u001b[0m📔\u001b[0m\n    \u001b[36m</div>\u001b[39m\n    \u001b[36m<div\u001b[39m\n      \u001b[33mclass\u001b[39m=\u001b[32m\"record-list-label\"\u001b[39m\n    \u001b[36m>\u001b[39m\n      \u001b[0m日记\u001b[0m\n    \u001b[36m</div>\u001b[39m\n    \u001b[36m<div\u001b[39m\n      \u001b[33mclass\u001b[39m=\u001b[32m\"record-list-right\"\u001b[39m\n    \u001b[36m>\u001b[39m\n      \u001b[36m<div\u001b[39m\n        \u001b[33mclass\u001b[39m=\u001b[32m\"record-text-suffix\"\u001b[39m\n      \u001b[36m>\u001b[39m\n        \u001b[0m📷 ›\u001b[0m\n      \u001b[36m</div>\u001b[39m\n    \u001b[36m</div>\u001b[39m\n  \u001b[36m</div>\u001b[39m\n  \u001b[36m<div\u001b[39m\n    \u001b[33mclass\u001b[39m=\u001b[32m\"record-list-row record-list-row-habit\"\u001b[39m\n    \u001b[33mdata-testid\u001b[39m=\u001b[32m\"scene1-record-row-habit\"\u001b[39m\n  \u001b[36m>\u001b[39m\n    \u001b[36m<div\u001b[39m\n      \u001b[33mclass\u001b[39m=\u001b[32m\"record-list-icon record-list-icon-habit\"\u001b[39m\n    \u001b[36m>\u001b[39m\n      \u001b[0m👍\u001b[0m\n    \u001b[36m</div>\u001b[39m\n    \u001b[36m<div\u001b[39m\n      \u001b[33mclass\u001b[39m=\u001b[32m\"record-list-label\"\u001b[39m\n    \u001b[36m>\u001b[39m\n      \u001b[0m好习惯\u001b[0m\n    \u001b[36m</div>\u001b[39m\n    \u001b[36m<div\u001b[39m\n      \u001b[33mclass\u001b[39m=\u001b[32m\"record-list-right\"\u001b[39m\n    \u001b[36m>\u001b[39m\n      \u001b[36m<div\u001b[39m\n        \u001b[33mclass\u001b[39m=\u001b[32m\"record-badge-group\"\u001b[39m\n      \u001b[36m>\u001b[39m\n        \u001b[36m<div\u001b[39m\n          \u001b[33mclass\u001b[39m=\u001b[32m\"record-badge\"\u001b[39m\n        \u001b[36m>\u001b[39m\n          \u001b[0m💧\u001b[0m\n        \u001b[36m</div>\u001b[39m\n        \u001b[36m<div\u001b[39m\n          \u001b[33mclass\u001b[39m=\u001b[32m\"record-badge\"\u001b[39m\n        \u001b[36m>\u001b[39m\n          \u001b[0m🍎\u001b[0m\n        \u001b[36m</div>\u001b[39m\n        \u001b[36m<div\u001b[39m\n          \u001b[33mclass\u001b[39m=\u001b[32m\"record-badge\"\u001b[39m\n        \u001b[36m>\u001b[39m\n          \u001b[0m☕\u001b[0m\n        \u001b[36m</div>\u001b[39m\n        \u001b[36m<div\u001b[39m\n          \u001b[33mclass\u001b[39m=\u001b[32m\"record-badge\"\u001b[39m\n        \u001b[36m>\u001b[39m\n          \u001b[0m🏃\u001b[0m\n        \u001b[36m</div>\u001b[39m\n      \u001b[36m</div>\u001b[39m\n    \u001b[36m</div>\u001b[39m\n  \u001b[36m</div>\u001b[39m\n\u001b[36m</div>\u001b[39m\n\nIgnored nodes: comments, script, style\n\u001b[36m<div\u001b[39m\n  \u001b[33mclass\u001b[39m=\u001b[32m\"record-list\"\u001b[39m\n  \u001b[33mdata-testid\u001b[39m=\u001b[32m\"scene1-record-list\"\u001b[39m\n\u001b[36m>\u001b[39m\n  \u001b[36m<div\u001b[39m\n    \u001b[33mclass\u001b[39m=\u001b[32m\"record-list-row record-list-row-period\"\u001b[39m\n    \u001b[33mdata-testid\u001b[39m=\u001b[32m\"scene1-record-row-period\"\u001b[39m\n  \u001b[36m>\u001b[39m\n    \u001b[36m<div\u001b[39m\n      \u001b[33mclass\u001b[39m=\u001b[32m\"record-list-icon record-list-icon-period\"\u001b[39m\n    \u001b[36m>\u001b[39m\n      \u001b[0m🩸\u001b[0m\n    \u001b[36m</div>\u001b[39m\n    \u001b[36m<div\u001b[39m\n      \u001b[33mclass\u001b[39m=\u001b[32m\"record-list-label\"\u001b[39m\n    \u001b[36m>\u001b[39m\n      \u001b[0m月经来了\u001b[0m\n    \u001b[36m</div>\u001b[39m\n    \u001b[36m<div\u001b[39m\n      \u001b[33mclass\u001b[39m=\u001b[32m\"record-list-right\"\u001b[39m\n    \u001b[36m>\u001b[39m\n      \u001b[36m<div\u001b[39m\n        \u001b[33mclass\u001b[39m=\u001b[32m\"record-toggle\"\u001b[39m\n      \u001b[36m>\u001b[39m\n        \u001b[36m<button\u001b[39m\n          \u001b[33maria-label\u001b[39m=\u001b[32m\"是\"\u001b[39m\n          \u001b[33mclass\u001b[39m=\u001b[32m\"\"\u001b[39m\n          \u001b[33mtype\u001b[39m=\u001b[32m\"button\"\u001b[39m\n        \u001b[36m>\u001b[39m\n          \u001b[0m是\u001b[0m\n        \u001b[36m</button>\u001b[39m\n        \u001b[36m<button\u001b[39m\n          \u001b[33maria-label\u001b[39m=\u001b[32m\"否\"\u001b[39m\n          \u001b[33mclass\u001b[39m=\u001b[32m\"active\"\u001b[39m\n          \u001b[33mtype\u001b[39m=\u001b[32m\"button\"\u001b[39m\n        \u001b[36m>\u001b[39m\n          \u001b[0m否\u001b[0m\n        \u001b[36m</button>\u001b[39m\n      \u001b[36m</div>\u001b[39m\n    \u001b[36m</div>\u001b[39m\n  \u001b[36m</div>\u001b[39m\n  \u001b[36m<div\u001b[39m\n    \u001b[33mclass\u001b[39m=\u001b[32m\"record-list-row record-list-row-love\"\u001b[39m\n    \u001b[33mdata-testid\u001b[39m=\u001b[32m\"scene1-record-row-love\"\u001b[39m\n  \u001b[36m>\u001b[39m\n    \u001b[36m<div\u001b[39m\n      \u001b[33mclass\u001b[39m=\u001b[32m\"record-list-icon record-list-icon-love\"\u001b[39m\n    \u001b[36m>\u001b[39m\n      \u001b[0m💗\u001b[0m\n    \u001b[36m</div>\u001b[39m\n    \u001b[36m<div\u001b[39m\n      \u001b[33mclass\u001b[39m=\u001b[32m\"record-list-label\"\u001b[39m\n    \u001b[36m>\u001b[39m\n      \u001b[0m爱爱\u001b[0m\n    \u001b[36m</div>\u001b[39m\n    \u001b[36m<div\u001b[39m\n      \u001b[33mclass\u001b[39m=\u001b[32m\"record-list-right\"\u001b[39m\n    \u001b[36m>\u001b[39m\n      \u001b[36m<div\u001b[39m\n        \u001b[33mclass\u001b[39m=\u001b[32m\"record-plus\"\u001b[39m\n      \u001b[36m>\u001b[39m\n        \u001b[0m+\u001b[0m\n      \u001b[36m</div>\u001b[39m\n    \u001b[36m</div>\u001b[39m\n  \u001b[36m</div>\u001b[39m\n  \u001b[36m<div\u001b[39m\n    \u001b[33mclass\u001b[39m=\u001b[32m\"record-list-row record-list-row-symptom\"\u001b[39m\n    \u001b[33mdata-testid\u001b[39m=\u001b[32m\"scene1-record-row-symptom\"\u001b[39m\n  \u001b[36m>\u001b[39m\n    \u001b[36m<div\u001b[39m\n      \u001b[33mclass\u001b[39m=\u001b[32m\"record-list-icon record-list-icon-symptom\"\u001b[39m\n    \u001b[36m>\u001b[39m\n      \u001b[0m➕\u001b[0m\n    \u001b[36m</div>\u001b[39m\n    \u001b[36m<div\u001b[39m\n      \u001b[33mclass\u001b[39m=\u001b[32m\"record-list-label\"\u001b[39m\n    \u001b[36m>\u001b[39m\n      \u001b[0m症状\u001b[0m\n    \u001b[36m</div>\u001b[39m\n    \u001b[36m<div\u001b[39m\n      \u001b[33mclass\u001b[39m=\u001b[32m\"record-list-right\"\u001b[39m\n    \u001b[36m>\u001b[39m\n      \u001b[36m<div\u001b[39m\n        \u001b[33mclass\u001b[39m=\u001b[32m\"record-plus\"\u001b[39m\n      \u001b[36m>\u001b[39m\n        \u001b[0m+\u001b[0m\n      \u001b[36m</div>\u001b[39m\n    \u001b[36m</div>\u001b[39m\n  \u001b[36m</div>\u001b[39m\n  \u001b[36m<div\u001b[39m\n    \u001b[33mclass\u001b[39m=\u001b[32m\"record-list-row record-list-row-mood\"\u001b[39m\n    \u001b[33mdata-testid\u001b[39m=\u001b[32m\"scene1-record-row-mood\"\u001b[39m\n  \u001b[36m>\u001b[39m\n    \u001b[36m<div\u001b[39m\n      \u001b[33mclass\u001b[39m=\u001b[32m\"record-list-icon record-list-icon-mood\"\u001b[39m\n    \u001b[36m>\u001b[39m\n      \u001b[0m☺\u001b[0m\n    \u001b[36m</div>\u001b[39m\n    \u001b[36m<div\u001b[39m\n      \u001b[33mclass\u001b[39m=\u001b[32m\"record-list-label\"\u001b[39m\n    \u001b[36m>\u001b[39m\n      \u001b[0m心情\u001b[0m\n    \u001b[36m</div>\u001b[39m\n    \u001b[36m<div\u001b[39m\n      \u001b[33mclass\u001b[39m=\u001b[32m\"record-list-right\"\u001b[39m\n    \u001b[36m>\u001b[39m\n      \u001b[36m<div\u001b[39m\n        \u001b[33mclass\u001b[39m=\u001b[32m\"record-moods\"\u001b[39m\n      \u001b[36m>\u001b[39m\n        \u001b[36m<div\u001b[39m\n          \u001b[33mclass\u001b[39m=\u001b[32m\"record-mood\"\u001b[39m\n        \u001b[36m>\u001b[39m\n          \u001b[0m😣\u001b[0m\n        \u001b[36m</div>\u001b[39m\n        \u001b[36m<div\u001b[39m\n          \u001b[33mclass\u001b[39m=\u001b[32m\"record-mood\"\u001b[39m\n        \u001b[36m>\u001b[39m\n          \u001b[0m😖\u001b[0m\n        \u001b[36m</div>\u001b[39m\n        \u001b[36m<div\u001b[39m\n          \u001b[33mclass\u001b[39m=\u001b[32m\"record-mood\"\u001b[39m\n        \u001b[36m>\u001b[39m\n          \u001b[0m😐\u001b[0m\n        \u001b[36m</div>\u001b[39m\n        \u001b[36m<div\u001b[39m\n          \u001b[33mclass\u001b[39m=\u001b[32m\"record-mood\"\u001b[39m\n        \u001b[36m>\u001b[39m\n          \u001b[0m😶\u001b[0m\n        \u001b[36m</div>\u001b[39m\n        \u001b[36m<div\u001b[39m\n          \u001b[33mclass\u001b[39m=\u001b[32m\"record-mood\"\u001b[39m\n        \u001b[36m>\u001b[39m\n          \u001b[0m🙂\u001b[0m\n        \u001b[36m</div>\u001b[39m\n      \u001b[36m</div>\u001b[39m\n      \u001b[36m<div\u001b[39m\n        \u001b[33mclass\u001b[39m=\u001b[32m\"record-plus\"\u001b[39m\n      \u001b[36m>\u001b[39m\n        \u001b[0m+\u001b[0m\n      \u001b[36m</div>\u001b[39m\n    \u001b[36m</div>\u001b[39m\n  \u001b[36m</div>\u001b[39m\n  \u001b[36m<div\u001b[39m\n    \u001b[33mclass\u001b[39m=\u001b[32m\"record-list-row record-list-row-discharge\"\u001b[39m\n    \u001b[33mdata-testid\u001b[39m=\u001b[32m\"scene1-record-row-discharge\"\u001b[39m\n  \u001b[36m>\u001b[39m\n    \u001b[36m<div\u001b[39m\n      \u001b[33mclass\u001b[39m=\u001b[32m\"record-list-icon record-list-icon-discharge\"\u001b[39m\n    \u001b[36m>\u001b[39m\n      \u001b[0m⏳\u001b[0m\n    \u001b[36m</div>\u001b[39m\n    \u001b[36m<div\u001b[39m\n      \u001b[33mclass\u001b[39m=\u001b[32m\"record-list-label\"\u001b[39m\n    \u001b[36m>\u001b[39m\n      \u001b[0m白带\u001b[0m\n    \u001b[36m</div>\u001b[39m\n    \u001b[36m<div\u001b[39m\n      \u001b[33mclass\u001b[39m=\u001b[32m\"record-list-right\"\u001b[39m\n    \u001b[36m>\u001b[39m\n      \u001b[36m<div\u001b[39m\n        \u001b[33mclass\u001b[39m=\u001b[32m\"record-plus\"\u001b[39m\n      \u001b[36m>\u001b[39m\n        \u001b[0m+\u001b[0m\n      \u001b[36m</div>\u001b[39m\n    \u001b[36m</div>\u001b[39m\n  \u001b[36m</div>\u001b[39m\n  \u001b[36m<div\u001b[39m\n    \u001b[33mclass\u001b[39m=\u001b[32m\"record-list-row record-list-row-temp\"\u001b[39m\n    \u001b[33mdata-testid\u001b[39m=\u001b[32m\"scene1-record-row-temp\"\u001b[39m\n  \u001b[36m>\u001b[39m\n    \u001b[36m<div\u001b[39m\n      \u001b[33mclass\u001b[39m=\u001b[32m\"record-list-icon record-list-icon-temp\"\u001b[39m\n    \u001b[36m>\u001b[39m\n      \u001b[0m🌡\u001b[0m\n    \u001b[36m</div>\u001b[39m\n    \u001b[36m<div\u001b[39m\n      \u001b[33mclass\u001b[39m=\u001b[32m\"record-list-label\"\u001b[39m\n    \u001b[36m>\u001b[39m\n      \u001b[0m体温\u001b[0m\n    \u001b[36m</div>\u001b[39m\n    \u001b[36m<div\u001b[39m\n      \u001b[33mclass\u001b[39m=\u001b[32m\"record-list-right\"\u001b[39m\n    \u001b[36m>\u001b[39m\n      \u001b[36m<div\u001b[39m\n        \u001b[33mclass\u001b[39m=\u001b[32m\"record-plus\"\u001b[39m\n      \u001b[36m>\u001b[39m\n        \u001b[0m+\u001b[0m\n      \u001b[36m</div>\u001b[39m\n    \u001b[36m</div>\u001b[39m\n  \u001b[36m</div>\u001b[39m\n  \u001b[36m<div\u001b[39m\n    \u001b[33mclass\u001b[39m=\u001b[32m\"record-list-row record-list-row-weight\"\u001b[39m\n    \u001b[33mdata-testid\u001b[39m=\u001b[32m\"scene1-record-row-weight\"\u001b[39m\n  \u001b[36m>\u001b[39m\n    \u001b[36m<div\u001b[39m\n      \u001b[33mclass\u001b[39m=\u001b[32m\"record-list-icon record-list-icon-weight\"\u001b[39m\n    \u001b[36m>\u001b[39m\n      \u001b[0m⚖\u001b[0m\n    \u001b[36m</div>\u001b[39m\n    \u001b[36m<div\u001b[39m\n      \u001b[33mclass\u001b[39m=\u001b[32m\"record-list-label\"\u001b[39m\n    \u001b[36m>\u001b[39m\n      \u001b[0m体重\u001b[0m\n    \u001b[36m</div>\u001b[39m\n    \u001b[36m<div\u001b[39m\n      \u001b[33mclass\u001b[39m=\u001b[32m\"record-list-right\"\u001b[39m\n    \u001b[36m>\u001b[39m\n      \u001b[36m<div\u001b[39m\n        \u001b[33mclass\u001b[39m=\u001b[32m\"record-plus\"\u001b[39m\n      \u001b[36m>\u001b[39m\n        \u001b[0m+\u001b[0m\n      \u001b[36m</div>\u001b[39m\n    \u001b[36m</div>\u001b[39m\n  \u001b[36m</div>\u001b[39m\n  \u001b[36m<div\u001b[39m\n    \u001b[33mclass\u001b[39m=\u001b[32m\"record-list-row record-list-row-diary\"\u001b[39m\n    \u001b[33mdata-testid\u001b[39m=\u001b[32m\"scene1-record-row-diary\"\u001b[39m\n  \u001b[36m>\u001b[39m\n    \u001b[36m<div\u001b[39m\n      \u001b[33mclass\u001b[39m=\u001b[32m\"record-list-icon record-list-icon-diary\"\u001b[39m\n    \u001b[36m>\u001b[39m\n      \u001b[0m📔\u001b[0m\n    \u001b[36m</div>\u001b[39m\n    \u001b[36m<div\u001b[39m\n      \u001b[33mclass\u001b[39m=\u001b[32m\"record-list-label\"\u001b[39m\n    \u001b[36m>\u001b[39m\n      \u001b[0m日记\u001b[0m\n    \u001b[36m</div>\u001b[39m\n    \u001b[36m<div\u001b[39m\n      \u001b[33mclass\u001b[39m=\u001b[32m\"record-list-right\"\u001b[39m\n    \u001b[36m>\u001b[39m\n      \u001b[36m<div\u001b[39m\n        \u001b[33mclass\u001b[39m=\u001b[32m\"record-text-suffix\"\u001b[39m\n      \u001b[36m>\u001b[39m\n        \u001b[0m📷 ›\u001b[0m\n      \u001b[36m</div>\u001b[39m\n    \u001b[36m</div>\u001b[39m\n  \u001b[36m</div>\u001b[39m\n  \u001b[36m<div\u001b[39m\n    \u001b[33mclass\u001b[39m=\u001b[32m\"record-list-row record-list-row-habit\"\u001b[39m\n    \u001b[33mdata-testid\u001b[39m=\u001b[32m\"scene1-record-row-habit\"\u001b[39m\n  \u001b[36m>\u001b[39m\n    \u001b[36m<div\u001b[39m\n      \u001b[33mclass\u001b[39m=\u001b[32m\"record-list-icon record-list-icon-habit\"\u001b[39m\n    \u001b[36m>\u001b[39m\n      \u001b[0m👍\u001b[0m\n    \u001b[36m</div>\u001b[39m\n    \u001b[36m<div\u001b[39m\n      \u001b[33mclass\u001b[39m=\u001b[32m\"record-list-label\"\u001b[39m\n    \u001b[36m>\u001b[39m\n      \u001b[0m好习惯\u001b[0m\n    \u001b[36m</div>\u001b[39m\n    \u001b[36m<div\u001b[39m\n      \u001b[33mclass\u001b[39m=\u001b[32m\"record-list-right\"\u001b[39m\n    \u001b[36m>\u001b[39m\n      \u001b[36m<div\u001b[39m\n        \u001b[33mclass\u001b[39m=\u001b[32m\"record-badge-group\"\u001b[39m\n      \u001b[36m>\u001b[39m\n        \u001b[36m<div\u001b[39m\n          \u001b[33mclass\u001b[39m=\u001b[32m\"record-badge\"\u001b[39m\n        \u001b[36m>\u001b[39m\n          \u001b[0m💧\u001b[0m\n        \u001b[36m</div>\u001b[39m\n        \u001b[36m<div\u001b[39m\n          \u001b[33mclass\u001b[39m=\u001b[32m\"record-badge\"\u001b[39m\n        \u001b[36m>\u001b[39m\n          \u001b[0m🍎\u001b[0m\n        \u001b[36m</div>\u001b[39m\n        \u001b[36m<div\u001b[39m\n          \u001b[33mclass\u001b[39m=\u001b[32m\"record-badge\"\u001b[39m\n        \u001b[36m>\u001b[39m\n          \u001b[0m☕\u001b[0m\n        \u001b[36m</div>\u001b[39m\n        \u001b[36m<div\u001b[39m\n          \u001b[33mclass\u001b[39m=\u001b[32m\"record-badge\"\u001b[39m\n        \u001b[36m>\u001b[39m\n          \u001b[0m🏃\u001b[0m\n        \u001b[36m</div>\u001b[39m\n      \u001b[36m</div>\u001b[39m\n    \u001b[36m</div>\u001b[39m\n  \u001b[36m</div>\u001b[39m\n\u001b[36m</div>\u001b[39m\n\nIgnored nodes: comments, script, style\n\u001b[36m<div\u001b[39m\n  \u001b[33mclass\u001b[39m=\u001b[32m\"record-list\"\u001b[39m\n  \u001b[33mdata-testid\u001b[39m=\u001b[32m\"scene1-record-list\"\u001b[39m\n\u001b[36m>\u001b[39m\n  \u001b[36m<div\u001b[39m\n    \u001b[33mclass\u001b[39m=\u001b[32m\"record-list-row record-list-row-period\"\u001b[39m\n    \u001b[33mdata-testid\u001b[39m=\u001b[32m\"scene1-record-row-period\"\u001b[39m\n  \u001b[36m>\u001b[39m\n    \u001b[36m<div\u001b[39m\n      \u001b[33mclass\u001b[39m=\u001b[32m\"record-list-icon record-list-icon-period\"\u001b[39m\n    \u001b[36m>\u001b[39m\n      \u001b[0m🩸\u001b[0m\n    \u001b[36m</div>\u001b[39m\n    \u001b[36m<div\u001b[39m\n      \u001b[33mclass\u001b[39m=\u001b[32m\"record-list-label\"\u001b[39m\n    \u001b[36m>\u001b[39m\n      \u001b[0m月经来了\u001b[0m\n    \u001b[36m</div>\u001b[39m\n    \u001b[36m<div\u001b[39m\n      \u001b[33mclass\u001b[39m=\u001b[32m\"record-list-right\"\u001b[39m\n    \u001b[36m>\u001b[39m\n      \u001b[36m<div\u001b[39m\n        \u001b[33mclass\u001b[39m=\u001b[32m\"record-toggle\"\u001b[39m\n      \u001b[36m>\u001b[39m\n        \u001b[36m<button\u001b[39m\n          \u001b[33maria-label\u001b[39m=\u001b[32m\"是\"\u001b[39m\n          \u001b[33mclass\u001b[39m=\u001b[32m\"\"\u001b[39m\n          \u001b[33mtype\u001b[39m=\u001b[32m\"button\"\u001b[39m\n        \u001b[36m>\u001b[39m\n          \u001b[0m是\u001b[0m\n        \u001b[36m</button>\u001b[39m\n        \u001b[36m<button\u001b[39m\n          \u001b[33maria-label\u001b[39m=\u001b[32m\"否\"\u001b[39m\n          \u001b[33mclass\u001b[39m=\u001b[32m\"active\"\u001b[39m\n          \u001b[33mtype\u001b[39m=\u001b[32m\"button\"\u001b[39m\n        \u001b[36m>\u001b[39m\n          \u001b[0m否\u001b[0m\n        \u001b[36m</button>\u001b[39m\n      \u001b[36m</div>\u001b[39m\n    \u001b[36m</div>\u001b[39m\n  \u001b[36m</div>\u001b[39m\n  \u001b[36m<div\u001b[39m\n    \u001b[33mclass\u001b[39m=\u001b[32m\"record-list-row record-list-row-love\"\u001b[39m\n    \u001b[33mdata-testid\u001b[39m=\u001b[32m\"scene1-record-row-love\"\u001b[39m\n  \u001b[36m>\u001b[39m\n    \u001b[36m<div\u001b[39m\n      \u001b[33mclass\u001b[39m=\u001b[32m\"record-list-icon record-list-icon-love\"\u001b[39m\n    \u001b[36m>\u001b[39m\n      \u001b[0m💗\u001b[0m\n    \u001b[36m</div>\u001b[39m\n    \u001b[36m<div\u001b[39m\n      \u001b[33mclass\u001b[39m=\u001b[32m\"record-list-label\"\u001b[39m\n    \u001b[36m>\u001b[39m\n      \u001b[0m爱爱\u001b[0m\n    \u001b[36m</div>\u001b[39m\n    \u001b[36m<div\u001b[39m\n      \u001b[33mclass\u001b[39m=\u001b[32m\"record-list-right\"\u001b[39m\n    \u001b[36m>\u001b[39m\n      \u001b[36m<div\u001b[39m\n        \u001b[33mclass\u001b[39m=\u001b[32m\"record-plus\"\u001b[39m\n      \u001b[36m>\u001b[39m\n        \u001b[0m+\u001b[0m\n      \u001b[36m</div>\u001b[39m\n    \u001b[36m</div>\u001b[39m\n  \u001b[36m</div>\u001b[39m\n  \u001b[36m<div\u001b[39m\n    \u001b[33mclass\u001b[39m=\u001b[32m\"record-list-row record-list-row-symptom\"\u001b[39m\n    \u001b[33mdata-testid\u001b[39m=\u001b[32m\"scene1-record-row-symptom\"\u001b[39m\n  \u001b[36m>\u001b[39m\n    \u001b[36m<div\u001b[39m\n      \u001b[33mclass\u001b[39m=\u001b[32m\"record-list-icon record-list-icon-symptom\"\u001b[39m\n    \u001b[36m>\u001b[39m\n      \u001b[0m➕\u001b[0m\n    \u001b[36m</div>\u001b[39m\n    \u001b[36m<div\u001b[39m\n      \u001b[33mclass\u001b[39m=\u001b[32m\"record-list-label\"\u001b[39m\n    \u001b[36m>\u001b[39m\n      \u001b[0m症状\u001b[0m\n    \u001b[36m</div>\u001b[39m\n    \u001b[36m<div\u001b[39m\n      \u001b[33mclass\u001b[39m=\u001b[32m\"record-list-right\"\u001b[39m\n    \u001b[36m>\u001b[39m\n      \u001b[36m<div\u001b[39m\n        \u001b[33mclass\u001b[39m=\u001b[32m\"record-plus\"\u001b[39m\n      \u001b[36m>\u001b[39m\n        \u001b[0m+\u001b[0m\n      \u001b[36m</div>\u001b[39m\n    \u001b[36m</div>\u001b[39m\n  \u001b[36m</div>\u001b[39m\n  \u001b[36m<div\u001b[39m\n    \u001b[33mclass\u001b[39m=\u001b[32m\"record-list-row record-list-row-mood\"\u001b[39m\n    \u001b[33mdata-testid\u001b[39m=\u001b[32m\"scene1-record-row-mood\"\u001b[39m\n  \u001b[36m>\u001b[39m\n    \u001b[36m<div\u001b[39m\n      \u001b[33mclass\u001b[39m=\u001b[32m\"record-list-icon record-list-icon-mood\"\u001b[39m\n    \u001b[36m>\u001b[39m\n      \u001b[0m☺\u001b[0m\n    \u001b[36m</div>\u001b[39m\n    \u001b[36m<div\u001b[39m\n      \u001b[33mclass\u001b[39m=\u001b[32m\"record-list-label\"\u001b[39m\n    \u001b[36m>\u001b[39m\n      \u001b[0m心情\u001b[0m\n    \u001b[36m</div>\u001b[39m\n    \u001b[36m<div\u001b[39m\n      \u001b[33mclass\u001b[39m=\u001b[32m\"record-list-right\"\u001b[39m\n    \u001b[36m>\u001b[39m\n      \u001b[36m<div\u001b[39m\n        \u001b[33mclass\u001b[39m=\u001b[32m\"record-moods\"\u001b[39m\n      \u001b[36m>\u001b[39m\n        \u001b[36m<div\u001b[39m\n          \u001b[33mclass\u001b[39m=\u001b[32m\"record-mood\"\u001b[39m\n        \u001b[36m>\u001b[39m\n          \u001b[0m😣\u001b[0m\n        \u001b[36m</div>\u001b[39m\n        \u001b[36m<div\u001b[39m\n          \u001b[33mclass\u001b[39m=\u001b[32m\"record-mood\"\u001b[39m\n        \u001b[36m>\u001b[39m\n          \u001b[0m😖\u001b[0m\n        \u001b[36m</div>\u001b[39m\n        \u001b[36m<div\u001b[39m\n          \u001b[33mclass\u001b[39m=\u001b[32m\"record-mood\"\u001b[39m\n        \u001b[36m>\u001b[39m\n          \u001b[0m😐\u001b[0m\n        \u001b[36m</div>\u001b[39m\n        \u001b[36m<div\u001b[39m\n          \u001b[33mclass\u001b[39m=\u001b[32m\"record-mood\"\u001b[39m\n        \u001b[36m>\u001b[39m\n          \u001b[0m😶\u001b[0m\n        \u001b[36m</div>\u001b[39m\n        \u001b[36m<div\u001b[39m\n          \u001b[33mclass\u001b[39m=\u001b[32m\"record-mood\"\u001b[39m\n        \u001b[36m>\u001b[39m\n          \u001b[0m🙂\u001b[0m\n        \u001b[36m</div>\u001b[39m\n      \u001b[36m</div>\u001b[39m\n      \u001b[36m<div\u001b[39m\n        \u001b[33mclass\u001b[39m=\u001b[32m\"record-plus\"\u001b[39m\n      \u001b[36m>\u001b[39m\n        \u001b[0m+\u001b[0m\n      \u001b[36m</div>\u001b[39m\n    \u001b[36m</div>\u001b[39m\n  \u001b[36m</div>\u001b[39m\n  \u001b[36m<div\u001b[39m\n    \u001b[33mclass\u001b[39m=\u001b[32m\"record-list-row record-list-row-discharge\"\u001b[39m\n    \u001b[33mdata-testid\u001b[39m=\u001b[32m\"scene1-record-row-discharge\"\u001b[39m\n  \u001b[36m>\u001b[39m\n    \u001b[36m<div\u001b[39m\n      \u001b[33mclass\u001b[39m=\u001b[32m\"record-list-icon record-list-icon-discharge\"\u001b[39m\n    \u001b[36m>\u001b[39m\n      \u001b[0m⏳\u001b[0m\n    \u001b[36m</div>\u001b[39m\n    \u001b[36m<div\u001b[39m\n      \u001b[33mclass\u001b[39m=\u001b[32m\"record-list-label\"\u001b[39m\n    \u001b[36m>\u001b[39m\n      \u001b[0m白带\u001b[0m\n    \u001b[36m</div>\u001b[39m\n    \u001b[36m<div\u001b[39m\n      \u001b[33mclass\u001b[39m=\u001b[32m\"record-list-right\"\u001b[39m\n    \u001b[36m>\u001b[39m\n      \u001b[36m<div\u001b[39m\n        \u001b[33mclass\u001b[39m=\u001b[32m\"record-plus\"\u001b[39m\n      \u001b[36m>\u001b[39m\n        \u001b[0m+\u001b[0m\n      \u001b[36m</div>\u001b[39m\n    \u001b[36m</div>\u001b[39m\n  \u001b[36m</div>\u001b[39m\n  \u001b[36m<div\u001b[39m\n    \u001b[33mclass\u001b[39m=\u001b[32m\"record-list-row record-list-row-temp\"\u001b[39m\n    \u001b[33mdata-testid\u001b[39m=\u001b[32m\"scene1-record-row-temp\"\u001b[39m\n  \u001b[36m>\u001b[39m\n    \u001b[36m<div\u001b[39m\n      \u001b[33mclass\u001b[39m=\u001b[32m\"record-list-icon record-list-icon-temp\"\u001b[39m\n    \u001b[36m>\u001b[39m\n      \u001b[0m🌡\u001b[0m\n    \u001b[36m</div>\u001b[39m\n    \u001b[36m<div\u001b[39m\n      \u001b[33mclass\u001b[39m=\u001b[32m\"record-list-label\"\u001b[39m\n    \u001b[36m>\u001b[39m\n      \u001b[0m体温\u001b[0m\n    \u001b[36m</div>\u001b[39m\n    \u001b[36m<div\u001b[39m\n      \u001b[33mclass\u001b[39m=\u001b[32m\"record-list-right\"\u001b[39m\n    \u001b[36m>\u001b[39m\n      \u001b[36m<div\u001b[39m\n        \u001b[33mclass\u001b[39m=\u001b[32m\"record-plus\"\u001b[39m\n      \u001b[36m>\u001b[39m\n        \u001b[0m+\u001b[0m\n      \u001b[36m</div>\u001b[39m\n    \u001b[36m</div>\u001b[39m\n  \u001b[36m</div>\u001b[39m\n  \u001b[36m<div\u001b[39m\n    \u001b[33mclass\u001b[39m=\u001b[32m\"record-list-row record-list-row-weight\"\u001b[39m\n    \u001b[33mdata-testid\u001b[39m=\u001b[32m\"scene1-record-row-weight\"\u001b[39m\n  \u001b[36m>\u001b[39m\n    \u001b[36m<div\u001b[39m\n      \u001b[33mclass\u001b[39m=\u001b[32m\"record-list-icon record-list-icon-weight\"\u001b[39m\n    \u001b[36m>\u001b[39m\n      \u001b[0m⚖\u001b[0m\n    \u001b[36m</div>\u001b[39m\n    \u001b[36m<div\u001b[39m\n      \u001b[33mclass\u001b[39m=\u001b[32m\"record-list-label\"\u001b[39m\n    \u001b[36m>\u001b[39m\n      \u001b[0m体重\u001b[0m\n    \u001b[36m</div>\u001b[39m\n    \u001b[36m<div\u001b[39m\n      \u001b[33mclass\u001b[39m=\u001b[32m\"record-list-right\"\u001b[39m\n    \u001b[36m>\u001b[39m\n      \u001b[36m<div\u001b[39m\n        \u001b[33mclass\u001b[39m=\u001b[32m\"record-plus\"\u001b[39m\n      \u001b[36m>\u001b[39m\n        \u001b[0m+\u001b[0m\n      \u001b[36m</div>\u001b[39m\n    \u001b[36m</div>\u001b[39m\n  \u001b[36m</div>\u001b[39m\n  \u001b[36m<div\u001b[39m\n    \u001b[33mclass\u001b[39m=\u001b[32m\"record-list-row record-list-row-diary\"\u001b[39m\n    \u001b[33mdata-testid\u001b[39m=\u001b[32m\"scene1-record-row-diary\"\u001b[39m\n  \u001b[36m>\u001b[39m\n    \u001b[36m<div\u001b[39m\n      \u001b[33mclass\u001b[39m=\u001b[32m\"record-list-icon record-list-icon-diary\"\u001b[39m\n    \u001b[36m>\u001b[39m\n      \u001b[0m📔\u001b[0m\n    \u001b[36m</div>\u001b[39m\n    \u001b[36m<div\u001b[39m\n      \u001b[33mclass\u001b[39m=\u001b[32m\"record-list-label\"\u001b[39m\n    \u001b[36m>\u001b[39m\n      \u001b[0m日记\u001b[0m\n    \u001b[36m</div>\u001b[39m\n    \u001b[36m<div\u001b[39m\n      \u001b[33mclass\u001b[39m=\u001b[32m\"record-list-right\"\u001b[39m\n    \u001b[36m>\u001b[39m\n      \u001b[36m<div\u001b[39m\n        \u001b[33mclass\u001b[39m=\u001b[32m\"record-text-suffix\"\u001b[39m\n      \u001b[36m>\u001b[39m\n        \u001b[0m📷 ›\u001b[0m\n      \u001b[36m</div>\u001b[39m\n    \u001b[36m</div>\u001b[39m\n  \u001b[36m</div>\u001b[39m\n  \u001b[36m<div\u001b[39m\n    \u001b[33mclass\u001b[39m=\u001b[32m\"record-list-row record-list-row-habit\"\u001b[39m\n    \u001b[33mdata-testid\u001b[39m=\u001b[32m\"scene1-record-row-habit\"\u001b[39m\n  \u001b[36m>\u001b[39m\n    \u001b[36m<div\u001b[39m\n      \u001b[33mclass\u001b[39m=\u001b[32m\"record-list-icon record-list-icon-habit\"\u001b[39m\n    \u001b[36m>\u001b[39m\n      \u001b[0m👍\u001b[0m\n    \u001b[36m</div>\u001b[39m\n    \u001b[36m<div\u001b[39m\n      \u001b[33mclass\u001b[39m=\u001b[32m\"record-list-label\"\u001b[39m\n    \u001b[36m>\u001b[39m\n      \u001b[0m好习惯\u001b[0m\n    \u001b[36m</div>\u001b[39m\n    \u001b[36m<div\u001b[39m\n      \u001b[33mclass\u001b[39m=\u001b[32m\"record-list-right\"\u001b[39m\n    \u001b[36m>\u001b[39m\n      \u001b[36m<div\u001b[39m\n        \u001b[33mclass\u001b[39m=\u001b[32m\"record-badge-group\"\u001b[39m\n      \u001b[36m>\u001b[39m\n        \u001b[36m<div\u001b[39m\n          \u001b[33mclass\u001b[39m=\u001b[32m\"record-badge\"\u001b[39m\n        \u001b[36m>\u001b[39m\n          \u001b[0m💧\u001b[0m\n        \u001b[36m</div>\u001b[39m\n        \u001b[36m<div\u001b[39m\n          \u001b[33mclass\u001b[39m=\u001b[32m\"record-badge\"\u001b[39m\n        \u001b[36m>\u001b[39m\n          \u001b[0m🍎\u001b[0m\n        \u001b[36m</div>\u001b[39m\n        \u001b[36m<div\u001b[39m\n          \u001b[33mclass\u001b[39m=\u001b[32m\"record-badge\"\u001b[39m\n        \u001b[36m>\u001b[39m\n          \u001b[0m☕\u001b[0m\n        \u001b[36m</div>\u001b[39m\n        \u001b[36m<div\u001b[39m\n          \u001b[33mclass\u001b[39m=\u001b[32m\"record-badge\"\u001b[39m\n        \u001b[36m>\u001b[39m\n          \u001b[0m🏃\u001b[0m\n        \u001b[36m</div>\u001b[39m\n      \u001b[36m</div>\u001b[39m\n    \u001b[36m</div>\u001b[39m\n  \u001b[36m</div>\u001b[39m\n\u001b[36m</div>\u001b[39m\n\nIgnored nodes: comments, script, style\n\u001b[36m<div\u001b[39m\n  \u001b[33mclass\u001b[39m=\u001b[32m\"record-list\"\u001b[39m\n  \u001b[33mdata-testid\u001b[39m=\u001b[32m\"scene1-record-list\"\u001b[39m\n\u001b[36m>\u001b[39m\n  \u001b[36m<div\u001b[39m\n    \u001b[33mclass\u001b[39m=\u001b[32m\"record-list-row record-list-row-period\"\u001b[39m\n    \u001b[33mdata-testid\u001b[39m=\u001b[32m\"scene1-record-row-period\"\u001b[39m\n  \u001b[36m>\u001b[39m\n    \u001b[36m<div\u001b[39m\n      \u001b[33mclass\u001b[39m=\u001b[32m\"record-list-icon record-list-icon-period\"\u001b[39m\n    \u001b[36m>\u001b[39m\n      \u001b[0m🩸\u001b[0m\n    \u001b[36m</div>\u001b[39m\n    \u001b[36m<div\u001b[39m\n      \u001b[33mclass\u001b[39m=\u001b[32m\"record-list-label\"\u001b[39m\n    \u001b[36m>\u001b[39m\n      \u001b[0m月经来了\u001b[0m\n    \u001b[36m</div>\u001b[39m\n    \u001b[36m<div\u001b[39m\n      \u001b[33mclass\u001b[39m=\u001b[32m\"record-list-right\"\u001b[39m\n    \u001b[36m>\u001b[39m\n      \u001b[36m<div\u001b[39m\n        \u001b[33mclass\u001b[39m=\u001b[32m\"record-toggle\"\u001b[39m\n      \u001b[36m>\u001b[39m\n        \u001b[36m<button\u001b[39m\n          \u001b[33maria-label\u001b[39m=\u001b[32m\"是\"\u001b[39m\n          \u001b[33mclass\u001b[39m=\u001b[32m\"\"\u001b[39m\n          \u001b[33mtype\u001b[39m=\u001b[32m\"button\"\u001b[39m\n        \u001b[36m>\u001b[39m\n          \u001b[0m是\u001b[0m\n        \u001b[36m</button>\u001b[39m\n        \u001b[36m<button\u001b[39m\n          \u001b[33mar
[...]
>\u001b[39m\n      \u001b[36m</button>\u001b[39m\n    \u001b[36m</div>\u001b[39m\n    \u001b[36m<div\u001b[39m\n      \u001b[33mclass\u001b[39m=\u001b[32m\"prototype-calendar-card\"\u001b[39m\n    \u001b[36m>\u001b[39m\n      \u001b[36m<div\u001b[39m\n        \u001b[33mclass\u001b[39m=\u001b[32m\"prototype-weekdays\"\u001b[39m\n      \u001b[36m>\u001b[39m\n        \u001b[36m<span>\u001b[39m\n          \u001b[0m日\u001b[0m\n        \u001b[36m</span>\u001b[39m\n        \u001b[36m<span>\u001b[39m\n          \u001b[0m一\u001b[0m\n        \u001b[36m</span>\u001b[39m\n        \u001b[36m<span>\u001b[39m\n          \u001b[0m二\u001b[0m\n        \u001b[36m</span>\u001b[39m\n        \u001b[36m<span>\u001b[39m\n          \u001b[0m三\u001b[0m\n        \u001b[36m</span>\u001b[39m\n        \u001b[36m<span>\u001b[39m\n          \u001b[0m四\u001b[0m\n        \u001b[36m</span>\u001b[39m\n        \u001b[36m<span>\u001b[39m\n          \u001b[0m五\u001b[0m\n        \u001b[36m</span>\u001b[39m\n        \u001b[36m<span>\u001b[39m\n          \u001b[0m六\u001b[0m\n        \u001b[36m</span>\u001b[39m\n      \u001b[36m</div>\u001b[39m\n      \u001b[36m<div\u001b[39m\n        \u001b[33mclass\u001b[39m=\u001b[32m\"calendar-week-row\"\u001b[39m\n      \u001b[36m>\u001b[39m\n        \u001b[36m<div\u001b[39m\n          \u001b[33mclass\u001b[39m=\u001b[32m\"calendar-day empty\"\u001b[39m\n        \u001b[36m>\u001b[39m\n          \u001b[36m<div\u001b[39m\n            \u001b[33mclass\u001b[39m=\u001b[32m\"prototype-day-num\"\u001b[39m\n          \u001b[36m/>\u001b[39m\n        \u001b[36m</div>\u001b[39m\n        \u001b[36m<div\u001b[39m\n          \u001b[33mclass\u001b[39m=\u001b[32m\"calendar-day empty\"\u001b[39m\n        \u001b[36m>\u001b[39m\n          \u001b[36m<div\u001b[39m\n            \u001b[33mclass\u001b[39m=\u001b[32m\"prototype-day-num\"\u001b[39m\n          \u001b[36m/>\u001b[39m\n        \u001b[36m</div>\u001b[39m\n        \u001b[36m<div\u001b[39m\n          \u001b[33mclass\u001b[39m=\u001b[32m\"calendar-day empty\"\u001b[39m\n        \u001b[36m>\u001b[39m\n          \u001b[36m<div\u001b[39m\n            \u001b[33mclass\u001b[39m=\u001b[32m\"prototype-day-num\"\u001b[39m\n          \u001b[36m/>\u001b[39m\n        \u001b[36m</div>\u001b[39m\n        \u001b[36m<div\u001b[39m\n          \u001b[33mclass\u001b[39m=\u001b[32m\"calendar-day empty\"\u001b[39m\n        \u001b[36m>\u001b[39m\n          \u001b[36m<div\u001b[39m\n            \u001b[33mclass\u001b[39m=\u001b[32m\"prototype-day-num\"\u001b[39m\n          \u001b[36m/>\u001b[39m\n        \u001b[36m</div>\u001b[39m\n        \u001b[36m<div\u001b[39m\n          \u001b[33mclass\u001b[39m=\u001b[32m\"calendar-day green\"\u001b[39m\n        \u001b[36m>\u001b[39m\n          \u001b[36m<div\u001b[39m\n            \u001b[33mclass\u001b[39m=\u001b[32m\"prototype-day-num\"\u001b[39m\n          \u001b[36m>\u001b[39m\n            \u001b[0m1\u001b[0m\n          \u001b[36m</div>\u001b[39m\n        \u001b[36m</div>\u001b[39m\n        \u001b[36m<div\u001b[39m\n          \u001b[33mclass\u001b[39m=\u001b[32m\"calendar-day green\"\u001b[39m\n        \u001b[36m>\u001b[39m\n          \u001b[36m<div\u001b[39m\n            \u001b[33mclass\u001b[39m=\u001b[32m\"prototype-day-num\"\u001b[39m\n          \u001b[36m>\u001b[39m\n            \u001b[0m2\u001b[0m\n          \u001b[36m</div>\u001b[39m\n        \u001b[36m</div>\u001b[39m\n        \u001b[36m<div\u001b[39m\n          \u001b[33mclass\u001b[39m=\u001b[32m\"calendar-day today today\"\u001b[39m\n        \u001b[36m>\u001b[39m\n          \u001b[36m<div\u001b[39m\n            \u001b[33mclass\u001b[39m=\u001b[32m\"prototype-day-num\"\u001b[39m\n          \u001b[36m>\u001b[39m\n            \u001b[0m3\u001b[0m\n            \u001b[36m<span\u001b[39m\n              \u001b[33mclass\u001b[39m=\u001b[32m\"today-badge\"\u001b[39m\n            \u001b[36m>\u001b[39m\n              \u001b[0m今天\u001b[0m\n            \u001b[36m</span>\u001b[39m\n          \u001b[36m</div>\u001b[39m\n        \u001b[36m</div>\u001b[39m\n      \u001b[36m</div>\u001b[39m\n      \u001b[36m<div\u001b[39m\n        \u001b[33mclass\u001b[39m=\u001b[32m\"calendar-week-row\"\u001b[39m\n      \u001b[36m>\u001b[39m\n        \u001b[36m<div\u001b[39m\n          \u001b[33mclass\u001b[39m=\u001b[32m\"calendar-day green\"\u001b[39m\n        \u001b[36m>\u001b[39m\n          \u001b[36m<div\u001b[39m\n            \u001b[33mclass\u001b[39m=\u001b[32m\"prototype-day-num\"\u001b[39m\n          \u001b[36m>\u001b[39m\n            \u001b[0m4\u001b[0m\n          \u001b[36m</div>\u001b[39m\n        \u001b[36m</div>\u001b[39m\n        \u001b[36m<div\u001b[39m\n          \u001b[33mclass\u001b[39m=\u001b[32m\"calendar-day green\"\u001b[39m\n        \u001b[36m>\u001b[39m\n          \u001b[36m<div\u001b[39m\n            \u001b[33mclass\u001b[39m=\u001b[32m\"prototype-day-num\"\u001b[39m\n          \u001b[36m>\u001b[39m\n            \u001b[0m5\u001b[0m\n          \u001b[36m</div>\u001b[39m\n        \u001b[36m</div>\u001b[39m\n        \u001b[36m<div\u001b[39m\n          \u001b[33mclass\u001b[39m=\u001b[32m\"calendar-day green\"\u001b[39m\n        \u001b[36m>\u001b[39m\n          \u001b[36m<div\u001b[39m\n            \u001b[33mclass\u001b[39m=\u001b[32m\"prototype-day-num\"\u001b[39m\n          \u001b[36m>\u001b[39m\n            \u001b[0m6\u001b[0m\n          \u001b[36m</div>\u001b[39m\n        \u001b[36m</div>\u001b[39m\n        \u001b[36m<div\u001b[39m\n          \u001b[33mclass\u001b[39m=\u001b[32m\"calendar-day green\"\u001b[39m\n        \u001b[36m>\u001b[39m\n          \u001b[36m<div\u001b[39m\n            \u001b[33mclass\u001b[39m=\u001b[32m\"prototype-day-num\"\u001b[39m\n          \u001b[36m>\u001b[39m\n            \u001b[0m7\u001b[0m\n          \u001b[36m</div>\u001b[39m\n        \u001b[36m</div>\u001b[39m\n        \u001b[36m<div\u001b[39m\n          \u001b[33mclass\u001b[39m=\u001b[32m\"calendar-day green\"\u001b[39m\n        \u001b[36m>\u001b[39m\n          \u001b[36m<div\u001b[39m\n            \u001b[33mclass\u001b[39m=\u001b[32m\"prototype-day-num\"\u001b[39m\n          \u001b[36m>\u001b[39m\n            \u001b[0m8\u001b[0m\n          \u001b[36m</div>\u001b[39m\n        \u001b[36m</div>\u001b[39m\n        \u001b[36m<div\u001b[39m\n          \u001b[33mclass\u001b[39m=\u001b[32m\"calendar-day green\"\u001b[39m\n        \u001b[36m>\u001b[39m\n          \u001b[36m<div\u001b[39m\n            \u001b[33mclass\u001b[39m=\u001b[32m\"prototype-day-num\"\u001b[39m\n          \u001b[36m>\u001b[39m\n            \u001b...\n\n(If this is intentional, then use the `*AllBy*` variant of the query (like `queryAllByText`, `getAllByText`, or `findAllByText`)).\n\nIgnored nodes: comments, script, style\n\u001b[36m<body>\u001b[39m\n  \u001b[36m<div>\u001b[39m\n    \u001b[36m<div\u001b[39m\n      \u001b[33mclass\u001b[39m=\u001b[32m\"app-root\"\u001b[39m\n    \u001b[36m>\u001b[39m\n      \u001b[36m<div\u001b[39m\n        \u001b[33mclass\u001b[39m=\u001b[32m\"phone-shell\"\u001b[39m\n        \u001b[33mdata-testid\u001b[39m=\u001b[32m\"phone-shell\"\u001b[39m\n      \u001b[36m>\u001b[39m\n        \u001b[36m<div\u001b[39m\n          \u001b[33mclass\u001b[39m=\u001b[32m\"scene1-calendar-page\"\u001b[39m\n          \u001b[33mdata-testid\u001b[39m=\u001b[32m\"scene-route-shell\"\u001b[39m\n        \u001b[36m>\u001b[39m\n          \u001b[36m<div\u001b[39m\n            \u001b[33mclass\u001b[39m=\u001b[32m\"statusbar\"\u001b[39m\n          \u001b[36m>\u001b[39m\n            \u001b[36m<span>\u001b[39m\n              \u001b[0m9:41\u001b[0m\n            \u001b[36m</span>\u001b[39m\n            \u001b[36m<div\u001b[39m\n              \u001b[33mclass\u001b[39m=\u001b[32m\"sb-r\"\u001b[39m\n            \u001b[36m>\u001b[39m\n              \u001b[36m<span\u001b[39m\n                \u001b[33mclass\u001b[39m=\u001b[32m\"sb-bars\"\u001b[39m\n              \u001b[36m>\u001b[39m\n                \u001b[36m<i />\u001b[39m\n                \u001b[36m<i />\u001b[39m\n                \u001b[36m<i />\u001b[39m\n                \u001b[36m<i />\u001b[39m\n              \u001b[36m</span>\u001b[39m\n              \u001b[36m<div\u001b[39m\n                \u001b[33mclass\u001b[39m=\u001b[32m\"sb-batt\"\u001b[39m\n              \u001b[36m>\u001b[39m\n                \u001b[36m<i />\u001b[39m\n              \u001b[36m</div>\u001b[39m\n            \u001b[36m</div>\u001b[39m\n          \u001b[36m</div>\u001b[39m\n          \u001b[36m<div\u001b[39m\n            \u001b[33mclass\u001b[39m=\u001b[32m\"calendar-shell\"\u001b[39m\n          \u001b[36m>\u001b[39m\n            \u001b[36m<div\u001b[39m\n              \u001b[33mclass\u001b[39m=\u001b[32m\"calendar-topbar prototype-topbar\"\u001b[39m\n            \u001b[36m>\u001b[39m\n              \u001b[36m<div\u001b[39m\n                \u001b[33mclass\u001b[39m=\u001b[32m\"calendar-month prototype-month\"\u001b[39m\n              \u001b[36m>\u001b[39m\n                \u001b[0m4月\u001b[0m\n              \u001b[36m</div>\u001b[39m\n              \u001b[36m<div\u001b[39m\n                \u001b[33maria-label\u001b[39m=\u001b[32m\"模式切换\"\u001b[39m\n                \u001b[33mclass\u001b[39m=\u001b[32m\"mode-tabs prototype-mode-tabs\"\u001b[39m\n                \u001b[33mrole\u001b[39m=\u001b[32m\"tablist\"\u001b[39m\n              \u001b[36m>\u001b[39m\n                \u001b[36m<button\u001b[39m\n                  \u001b[33mclass\u001b[39m=\u001b[32m\"mode-tab prototype-mode-tab active\"\u001b[39m\n                  \u001b[33mtype\u001b[39m=\u001b[32m\"button\"\u001b[39m\n                \u001b[36m>\u001b[39m\n                  \u001b[0m经期\u001b[0m\n                \u001b[36m</button>\u001b[39m\n                \u001b[36m<button\u001b[39m\n                  \u001b[33mclass\u001b[39m=\u001b[32m\"mode-tab prototype-mode-tab\"\u001b[39m\n                  \u001b[33mtype\u001b[39m=\u001b[32m\"button\"\u001b[39m\n                \u001b[36m>\u001b[39m\n                  \u001b[0m备孕\u001b[0m\n                \u001b[36m</button>\u001b[39m\n                \u001b[36m<button\u001b[39m\n                  \u001b[33mclass\u001b[39m=\u001b[32m\"mode-tab prototype-mode-tab\"\u001b[39m\n                  \u001b[33mtype\u001b[39m=\u001b[32m\"button\"\u001b[39m\n                \u001b[36m>\u001b[39m\n                  \u001b[0m怀孕\u001b[0m\n                \u001b[36m</button>\u001b[39m\n                \u001b[36m<button\u001b[39m\n                  \u001b[33mclass\u001b[39m=\u001b[32m\"mode-tab prototype-mode-tab\"\u001b[39m\n                  \u001b[33mtype\u001b[39m=\u001b[32m\"button\"\u001b[39m\n                \u001b[36m>\u001b[39m\n                  \u001b[0m育儿\u001b[0m\n                \u001b[36m</button>\u001b[39m\n              \u001b[36m</div>\u001b[39m\n              \u001b[36m<button\u001b[39m\n                \u001b[33maria-label\u001b[39m=\u001b[32m\"分析\"\u001b[39m\n                \u001b[33mclass\u001b[39m=\u001b[32m\"prototype-analysis-entry\"\u001b[39m\n                \u001b[33mtype\u001b[39m=\u001b[32m\"button\"\u001b[39m\n              \u001b[36m>\u001b[39m\n                \u001b[36m<span\u001b[39m\n                  \u001b[33mclass\u001b[39m=\u001b[32m\"analysis-entry-icon\"\u001b[39m\n                \u001b[36m>\u001b[39m\n                  \u001b[0m⌁\u001b[0m\n                \u001b[36m</span>\u001b[39m\n                \u001b[36m<span>\u001b[39m\n                  \u001b[0m分析\u001b[0m\n                \u001b[36m</span>\u001b[39m\n              \u001b[36m</button>\u001b[39m\n            \u001b[36m</div>\u001b[39m\n            \u001b[36m<div\u001b[39m\n              \u001b[33mclass\u001b[39m=\u001b[32m\"prototype-calendar-card\"\u001b[39m\n            \u001b[36m>\u001b[39m\n              \u001b[36m<div\u001b[39m\n                \u001b[33mclass\u001b[39m=\u001b[32m\"prototype-weekdays\"\u001b[39m\n              \u001b[36m>\u001b[39m\n                \u001b[36m<span>\u001b[39m\n                  \u001b[0m日\u001b[0m\n                \u001b[36m</span>\u001b[39m\n                \u001b[36m<span>\u001b[39m\n                  \u001b[0m一\u001b[0m\n                \u001b[36m</span>\u001b[39m\n                \u001b[36m<span>\u001b[39m\n                  \u001b[0m二\u001b[0m\n                \u001b[36m</span>\u001b[39m\n                \u001b[36m<span>\u001b[39m\n                  \u001b[0m三\u001b[0m\n                \u001b[36m</span>\u001b[39m\n                \u001b[36m<span>\u001b[39m\n                  \u001b[0m四\u001b[0m\n                \u001b[36m</span>\u001b[39m\n                \u001b[36m<span>\u001b[39m\n                  \u001b[0m五\u001b[0m\n                \u001b[36m</span>\u001b[39m\n                \u001b[36m<span>\u001b[39m\n                  \u001b[0m六\u001b[0m\n                \u001b[36m</span>\u001b[39m\n              \u001b[36m</div>\u001b[39m\n              \u001b[36m<div\u001b[39m\n                \u001b[33mclass\u001b[39m=\u001b[32m\"calendar-week-row\"\u001b[39m\n              \u001b[36m>\u001b[39m\n                \u001b[36m<div\u001b[39m\n                  \u001b[33mclass\u001b[39m=\u001b[32m\"calendar-day empty\"\u001b[39m\n                \u001b[36m>\u001b[39m\n                  \u001b[36m<div\u001b[39m\n                    \u001b[33mclass\u001b[39m=\u001b[32m\"prototype-day-num\"\u001b[39m\n                  \u001b[36m/>\u001b[39m\n                \u001b[36m</div>\u001b[39m\n                \u001b[36m<div\u001b[39m\n                  \u001b[33mclass\u001b[39m=\u001b[32m\"calendar-day empty\"\u001b[39m\n                \u001b[36m>\u001b[39m\n                  \u001b[36m<div\u001b[39m\n                    \u001b[33mclass\u001b[39m=\u001b[32m\"prototype-day-num\"\u001b[39m\n                  \u001b[36m/>\u001b[39m\n                \u001b[36m</div>\u001b[39m\n                \u001b[36m<div\u001b[39m\n                  \u001b[33mclass\u001b[39m=\u001b[32m\"calendar-day empty\"\u001b[39m\n                \u001b[36m>\u001b[39m\n                  \u001b[36m<div\u001b[39m\n                    \u001b[33mclass\u001b[39m=\u001b[32m\"prototype-day-num\"\u001b[39m\n                  \u001b[36m/>\u001b[39m\n                \u001b[36m</div>\u001b[39m\n                \u001b[36m<div\u001b[39m\n                  \u001b[33mclass\u001b[39m=\u001b[32m\"calendar-day empty\"\u001b[39m\n                \u001b[36m>\u001b[39m\n                  \u001b[36m<div\u001b[39m\n                    \u001b[33mclass\u001b[39m=\u001b[32m\"prototype-day-num\"\u001b[39m\n                  \u001b[36m/>\u001b[39m\n                \u001b[36m</div>\u001b[39m\n                \u001b[36m<div\u001b[39m\n                  \u001b[33mclass\u001b[39m=\u001b[32m\"calendar-day green\"\u001b[39m\n                \u001b[36m>\u001b[39m\n                  \u001b[36m<div\u001b[39m\n                    \u001b[33mclass\u001b[39m=\u001b[32m\"prototype-day-num\"\u001b[39m\n                  \u001b[36m>\u001b[39m\n                    \u001b[0m1\u001b[0m\n                  \u001b[36m</div>\u001b[39m\n                \u001b[36m</div>\u001b[39m\n                \u001b[36m<div\u001b[39m\n                  \u001b[33mclass\u001b[39m=\u001b[32m\"calendar-day green\"\u001b[39m\n                \u001b[36m>\u001b[39m\n                  \u001b[36m<div\u001b[39m\n                    \u001b[33mclass\u001b[39m=\u001b[32m\"prototype-day-num\"\u001b[39m\n                  \u001b[36m>\u001b[39m\n                    \u001b[0m2\u001b[0m\n                  \u001b[36m</div>\u001b[39m\n                \u001b[36m</div>\u001b[39m\n                \u001b[36m<div\u001b[39m\n                  \u001b[33mclass\u001b[39m=\u001b[32m\"calendar-day today today\"\u001b[39m\n                \u001b[36m>\u001b[39m\n                  \u001b[36m<div\u001b[39m\n                    \u001b[33mclass\u001b[39m=\u001b[32m\"prototype-day-num\"\u001b[39m\n                  \u001b[36m>\u001b[39m\n                    \u001b[0m3\u001b[0m\n                    \u001b[36m<span\u001b[39m\n                      \u001b[33mclass\u001b[39m=\u001b[32m\"today-badge\"\u001b[39m\n                    \u001b[36m>\u001b[39m\n                      \u001b[0m今天\u001b[0m\n                    \u001b[36m</span>\u001b[39m\n                  \u001b[36m</div>\u001b[39m\n                \u001b[36m</div>\u001b[39m\n              \u001b[36m</div>\u001b[39m\n              \u001b[36m<div\u001b[39m\n               ...\n    at Object.getElementError (C:\\Users\\MeetYou\\Desktop\\meiyou-suiji-migration-export\\node_modules\\@testing-library\\dom\\dist\\config.js:37:19)\n    at getElementError (C:\\Users\\MeetYou\\Desktop\\meiyou-suiji-migration-export\\node_modules\\@testing-library\\dom\\dist\\query-helpers.js:20:35)\n    at getMultipleElementsFoundError (C:\\Users\\MeetYou\\Desktop\\meiyou-suiji-migration-export\\node_modules\\@testing-library\\dom\\dist\\query-helpers.js:23:10)\n    at C:\\Users\\MeetYou\\Desktop\\meiyou-suiji-migration-export\\node_modules\\@testing-library\\dom\\dist\\query-helpers.js:55:13\n    at C:\\Users\\MeetYou\\Desktop\\meiyou-suiji-migration-export\\node_modules\\@testing-library\\dom\\dist\\query-helpers.js:95:19\n    at C:\\Users\\MeetYou\\Desktop\\meiyou-suiji-migration-export\\tests\\smoke\\app-smoke.test.tsx:14:19\n    at file:///C:/Users/MeetYou/Desktop/meiyou-suiji-migration-export/node_modules/@vitest/runner/dist/index.js:146:14\n    at file:///C:/Users/MeetYou/Desktop/meiyou-suiji-migration-export/node_modules/@vitest/runner/dist/index.js:533:11\n    at runWithTimeout (file:///C:/Users/MeetYou/Desktop/meiyou-suiji-migration-export/node_modules/@vitest/runner/dist/index.js:39:7)\n    at runTest (file:///C:/Users/MeetYou/Desktop/meiyou-suiji-migration-export/node_modules/@vitest/runner/dist/index.js:1056:17)"],"meta":{}}],"startTime":1779787192947,"endTime":1779787193007.4856,"status":"failed","message":"","name":"C:/Users/MeetYou/Desktop/meiyou-suiji-migration-export/tests/smoke/app-smoke.test.tsx"},{"assertionResults":[{"ancestorTitles":["testing library cleanup"],"fullName":"testing library cleanup renders the first marker","status":"passed","title":"renders the first marker","duration":14.60349999999994,"failureMessages":[],"meta":{}},{"ancestorTitles":["testing library cleanup"],"fullName":"testing library cleanup starts the next test with a clean document","status":"failed","title":"starts the next test with a clean document","duration":14.686099999999897,"failureMessages":["Error: \u001b[2mexpect(\u001b[22m\u001b[31melement\u001b[39m\u001b[2m).not.toBeInTheDocument()\u001b[22m\n\n\u001b[31mexpected document not to contain element, found <div>\n  first-marker\n</div> instead\u001b[39m\n    at Proxy.expectWrapper (file:///C:/Users/MeetYou/Desktop/meiyou-suiji-migration-export/node_modules/@vitest/expect/dist/index.js:1996:19)\n    at Proxy.<anonymous> (file:///C:/Users/MeetYou/Desktop/meiyou-suiji-migration-export/node_modules/@vitest/expect/dist/index.js:972:17)\n    at Proxy.methodWrapper (file:///C:/Users/MeetYou/Desktop/meiyou-suiji-migration-export/node_modules/chai/index.js:1686:25)\n    at C:\\Users\\MeetYou\\Desktop\\meiyou-suiji-migration-export\\tests\\smoke\\testing-library-cleanup.test.tsx:14:52\n    at file:///C:/Users/MeetYou/Desktop/meiyou-suiji-migration-export/node_modules/@vitest/runner/dist/index.js:146:14\n    at file:///C:/Users/MeetYou/Desktop/meiyou-suiji-migration-export/node_modules/@vitest/runner/dist/index.js:533:11\n    at runWithTimeout (file:///C:/Users/MeetYou/Desktop/meiyou-suiji-migration-export/node_modules/@vitest/runner/dist/index.js:39:7)\n    at runTest (file:///C:/Users/MeetYou/Desktop/meiyou-suiji-migration-export/node_modules/@vitest/runner/dist/index.js:1056:17)\n    at processTicksAndRejections (node:internal/process/task_queues:103:5)\n    at runSuite (file:///C:/Users/MeetYou/Desktop/meiyou-suiji-migration-export/node_modules/@vitest/runner/dist/index.js:1205:15)"],"meta":{}}],"startTime":1779787192814,"endTime":1779787192843.686,"status":"failed","message":"","name":"C:/Users/MeetYou/Desktop/meiyou-suiji-migration-export/tests/smoke/testing-library-cleanup.test.tsx"}]}